Determining if the include file pthread.h exists failed with the following output:
Change Dir: C:/Users/User/Desktop/Bot Maker Items/Bot/PD-Chaotic/cpp/out/build/x64-Debug (default)/CMakeFiles/CMakeTmp

Run Build Command(s):D:/VS tools/Common7/IDE/CommonExtensions/Microsoft/CMake/Ninja/ninja.exe cmTC_3ee6e && [1/2] Building C object CMakeFiles\cmTC_3ee6e.dir\CheckIncludeFile.c.obj
FAILED: CMakeFiles/cmTC_3ee6e.dir/CheckIncludeFile.c.obj 
"D:\VS tools\VC\Tools\MSVC\14.26.28801\bin\HostX64\x64\cl.exe"  /nologo   /DWIN32 /D_WINDOWS /W3  /MDd /Zi /Ob0 /Od /RTC1    -D_WINSOCKAPI_= /showIncludes /FoCMakeFiles\cmTC_3ee6e.dir\CheckIncludeFile.c.obj /FdCMakeFiles\cmTC_3ee6e.dir\ /FS -c CheckIncludeFile.c
CheckIncludeFile.c(1): fatal error C1083: Cannot open include file: 'pthread.h': No such file or directory
ninja: build stopped: subcommand failed.



Determining if files ;winldap.h exist failed with the following output:
Change Dir: C:/Users/User/Desktop/Bot Maker Items/Bot/PD-Chaotic/cpp/out/build/x64-Debug (default)/CMakeFiles/CMakeTmp

Run Build Command(s):D:/VS tools/Common7/IDE/CommonExtensions/Microsoft/CMake/Ninja/ninja.exe cmTC_4f14b && [1/2] Building C object CMakeFiles\cmTC_4f14b.dir\HAVE_WINLDAP_H.c.obj
FAILED: CMakeFiles/cmTC_4f14b.dir/HAVE_WINLDAP_H.c.obj 
"D:\VS tools\VC\Tools\MSVC\14.26.28801\bin\HostX64\x64\cl.exe"  /nologo   /DWIN32 /D_WINDOWS /W3  /MDd /Zi /Ob0 /Od /RTC1    -D_WINSOCKAPI_= -DSECURITY_WIN32 /showIncludes /FoCMakeFiles\cmTC_4f14b.dir\HAVE_WINLDAP_H.c.obj /FdCMakeFiles\cmTC_4f14b.dir\ /FS -c "C:\Users\User\Desktop\Bot Maker Items\Bot\PD-Chaotic\cpp\out\build\x64-Debug (default)\CMakeFiles\CheckIncludeFiles\HAVE_WINLDAP_H.c"
C:\Program Files (x86)\Windows Kits\10\include\10.0.18362.0\um\winnt.h(173): fatal error C1189: #error:  "No Target Architecture"
ninja: build stopped: subcommand failed.


Source:
/* */
#include <winldap.h>


int main(void){return 0;}

Determining if files ;winber.h exist failed with the following output:
Change Dir: C:/Users/User/Desktop/Bot Maker Items/Bot/PD-Chaotic/cpp/out/build/x64-Debug (default)/CMakeFiles/CMakeTmp

Run Build Command(s):D:/VS tools/Common7/IDE/CommonExtensions/Microsoft/CMake/Ninja/ninja.exe cmTC_90644 && [1/2] Building C object CMakeFiles\cmTC_90644.dir\HAVE_WINBER_H.c.obj
FAILED: CMakeFiles/cmTC_90644.dir/HAVE_WINBER_H.c.obj 
"D:\VS tools\VC\Tools\MSVC\14.26.28801\bin\HostX64\x64\cl.exe"  /nologo   /DWIN32 /D_WINDOWS /W3  /MDd /Zi /Ob0 /Od /RTC1    -D_WINSOCKAPI_= -DSECURITY_WIN32 /showIncludes /FoCMakeFiles\cmTC_90644.dir\HAVE_WINBER_H.c.obj /FdCMakeFiles\cmTC_90644.dir\ /FS -c "C:\Users\User\Desktop\Bot Maker Items\Bot\PD-Chaotic\cpp\out\build\x64-Debug (default)\CMakeFiles\CheckIncludeFiles\HAVE_WINBER_H.c"
C:\Program Files (x86)\Windows Kits\10\include\10.0.18362.0\um\winber.h(67): error C2061: syntax error: identifier 'BerElement'
C:\Program Files (x86)\Windows Kits\10\include\10.0.18362.0\um\winber.h(67): error C2059: syntax error: ';'
C:\Program Files (x86)\Windows Kits\10\include\10.0.18362.0\um\winber.h(67): error C2143: syntax error: missing ')' before '*'
C:\Program Files (x86)\Windows Kits\10\include\10.0.18362.0\um\winber.h(67): error C2143: syntax error: missing '{' before '*'
C:\Program Files (x86)\Windows Kits\10\include\10.0.18362.0\um\winber.h(67): error C2059: syntax error: ')'
C:\Program Files (x86)\Windows Kits\10\include\10.0.18362.0\um\winber.h(76): error C2061: syntax error: identifier 'VOID'
C:\Program Files (x86)\Windows Kits\10\include\10.0.18362.0\um\winber.h(76): error C2059: syntax error: ';'
C:\Program Files (x86)\Windows Kits\10\include\10.0.18362.0\um\winber.h(76): error C2143: syntax error: missing ')' before '*'
C:\Program Files (x86)\Windows Kits\10\include\10.0.18362.0\um\winber.h(76): error C2143: syntax error: missing '{' before '*'
C:\Program Files (x86)\Windows Kits\10\include\10.0.18362.0\um\winber.h(76): error C2146: syntax error: missing ';' before identifier 'fbuf'
C:\Program Files (x86)\Windows Kits\10\include\10.0.18362.0\um\winber.h(76): error C2059: syntax error: ')'
C:\Program Files (x86)\Windows Kits\10\include\10.0.18362.0\um\winber.h(84): error C2061: syntax error: identifier 'VOID'
C:\Program Files (x86)\Windows Kits\10\include\10.0.18362.0\um\winber.h(84): error C2059: syntax error: ';'
C:\Program Files (x86)\Windows Kits\10\include\10.0.18362.0\um\winber.h(84): error C2143: syntax error: missing ')' before '*'
C:\Program Files (x86)\Windows Kits\10\include\10.0.18362.0\um\winber.h(84): error C2143: syntax error: missing '{' before '*'
C:\Program Files (x86)\Windows Kits\10\include\10.0.18362.0\um\winber.h(84): error C2059: syntax error: ')'
C:\Program Files (x86)\Windows Kits\10\include\10.0.18362.0\um\winber.h(91): error C2061: syntax error: identifier 'VOID'
C:\Program Files (x86)\Windows Kits\10\include\10.0.18362.0\um\winber.h(91): error C2059: syntax error: ';'
C:\Program Files (x86)\Windows Kits\10\include\10.0.18362.0\um\winber.h(91): error C2143: syntax error: missing ')' before '*'
C:\Program Files (x86)\Windows Kits\10\include\10.0.18362.0\um\winber.h(91): error C2143: syntax error: missing '{' before '*'
C:\Program Files (x86)\Windows Kits\10\include\10.0.18362.0\um\winber.h(91): error C2059: syntax error: ')'
C:\Program Files (x86)\Windows Kits\10\include\10.0.18362.0\um\winber.h(97): error C2061: syntax error: identifier 'BERVAL'
C:\Program Files (x86)\Windows Kits\10\include\10.0.18362.0\um\winber.h(97): error C2059: syntax error: ';'
C:\Program Files (x86)\Windows Kits\10\include\10.0.18362.0\um\winber.h(97): error C2143: syntax error: missing ')' before '*'
C:\Program Files (x86)\Windows Kits\10\include\10.0.18362.0\um\winber.h(97): error C2143: syntax error: missing '{' before '*'
C:\Program Files (x86)\Windows Kits\10\include\10.0.18362.0\um\winber.h(97): error C2059: syntax error: ')'
C:\Program Files (x86)\Windows Kits\10\include\10.0.18362.0\um\winber.h(108): error C2061: syntax error: identifier 'BerElement'
C:\Program Files (x86)\Windows Kits\10\include\10.0.18362.0\um\winber.h(108): error C2059: syntax error: ';'
C:\Program Files (x86)\Windows Kits\10\include\10.0.18362.0\um\winber.h(108): error C2146: syntax error: missing ')' before identifier 'options'
C:\Program Files (x86)\Windows Kits\10\include\10.0.18362.0\um\winber.h(108): error C2061: syntax error: identifier 'options'
C:\Program Files (x86)\Windows Kits\10\include\10.0.18362.0\um\winber.h(108): error C2059: syntax error: ')'
C:\Program Files (x86)\Windows Kits\10\include\10.0.18362.0\um\winber.h(124): error C2061: syntax error: identifier 'ULONG'
C:\Program Files (x86)\Windows Kits\10\include\10.0.18362.0\um\winber.h(124): error C2059: syntax error: ';'
C:\Program Files (x86)\Windows Kits\10\include\10.0.18362.0\um\winber.h(124): error C2143: syntax error: missing ')' before '*'
C:\Program Files (x86)\Windows Kits\10\include\10.0.18362.0\um\winber.h(124): error C2143: syntax error: missing '{' before '*'
C:\Program Files (x86)\Windows Kits\10\include\10.0.18362.0\um\winber.h(124): error C2143: syntax error: missing ';' before '*'
C:\Program Files (x86)\Windows Kits\10\include\10.0.18362.0\um\winber.h(124): error C2059: syntax error: ')'
C:\Program Files (x86)\Windows Kits\10\include\10.0.18362.0\um\winber.h(135): error C2061: syntax error: identifier 'ULONG'
C:\Program Files (x86)\Windows Kits\10\include\10.0.18362.0\um\winber.h(135): error C2059: syntax error: ';'
C:\Program Files (x86)\Windows Kits\10\include\10.0.18362.0\um\winber.h(135): error C2143: syntax error: missing ')' before '*'
C:\Program Files (x86)\Windows Kits\10\include\10.0.18362.0\um\winber.h(135): error C2143: syntax error: missing '{' before '*'
C:\Program Files (x86)\Windows Kits\10\include\10.0.18362.0\um\winber.h(135): error C2143: syntax error: missing ';' before '*'
C:\Program Files (x86)\Windows Kits\10\include\10.0.18362.0\um\winber.h(135): error C2059: syntax error: ')'
C:\Program Files (x86)\Windows Kits\10\include\10.0.18362.0\um\winber.h(146): error C2061: syntax error: identifier 'ULONG'
C:\Program Files (x86)\Windows Kits\10\include\10.0.18362.0\um\winber.h(146): error C2059: syntax error: ';'
C:\Program Files (x86)\Windows Kits\10\include\10.0.18362.0\um\winber.h(146): error C2143: syntax error: missing ')' before '*'
C:\Program Files (x86)\Windows Kits\10\include\10.0.18362.0\um\winber.h(146): error C2143: syntax error: missing '{' before '*'
C:\Program Files (x86)\Windows Kits\10\include\10.0.18362.0\um\winber.h(146): error C2143: syntax error: missing ';' before '*'
C:\Program Files (x86)\Windows Kits\10\include\10.0.18362.0\um\winber.h(146): error C2146: syntax error: missing ';' before identifier 'CHAR'
C:\Program Files (x86)\Windows Kits\10\include\10.0.18362.0\um\winber.h(146): error C2059: syntax error: ')'
C:\Program Files (x86)\Windows Kits\10\include\10.0.18362.0\um\winber.h(156): error C2061: syntax error: identifier 'ULONG'
C:\Program Files (x86)\Windows Kits\10\include\10.0.18362.0\um\winber.h(156): error C2059: syntax error: ';'
C:\Program Files (x86)\Windows Kits\10\include\10.0.18362.0\um\winber.h(156): error C2143: syntax error: missing ')' before '*'
C:\Program Files (x86)\Windows Kits\10\include\10.0.18362.0\um\winber.h(156): error C2143: syntax error: missing '{' before '*'
C:\Program Files (x86)\Windows Kits\10\include\10.0.18362.0\um\winber.h(156): error C2143: syntax error: missing ';' before '*'
C:\Program Files (x86)\Windows Kits\10\include\10.0.18362.0\um\winber.h(156): error C2146: syntax error: missing ';' before identifier 'CHAR'
C:\Program Files (x86)\Windows Kits\10\include\10.0.18362.0\um\winber.h(156): error C2059: syntax error: ')'
C:\Program Files (x86)\Windows Kits\10\include\10.0.18362.0\um\winber.h(165): error C2061: syntax error: identifier 'INT'
C:\Program Files (x86)\Windows Kits\10\include\10.0.18362.0\um\winber.h(165): error C2059: syntax error: ';'
C:\Program Files (x86)\Windows Kits\10\include\10.0.18362.0\um\winber.h(165): error C2143: syntax error: missing ')' before '*'
C:\Program Files (x86)\Windows Kits\10\include\10.0.18362.0\um\winber.h(165): error C2143: syntax error: missing '{' before '*'
C:\Program Files (x86)\Windows Kits\10\include\10.0.18362.0\um\winber.h(165): error C2143: syntax error: missing ';' before '*'
C:\Program Files (x86)\Windows Kits\10\include\10.0.18362.0\um\winber.h(165): error C2059: syntax error: ')'
C:\Program Files (x86)\Windows Kits\10\include\10.0.18362.0\um\winber.h(248): error C2061: syntax error: identifier 'INT'
C:\Program Files (x86)\Windows Kits\10\include\10.0.18362.0\um\winber.h(248): error C2059: syntax error: ';'
C:\Program Files (x86)\Windows Kits\10\include\10.0.18362.0\um\winber.h(248): error C2143: syntax error: missing ')' before '*'
C:\Program Files (x86)\Windows Kits\10\include\10.0.18362.0\um\winber.h(248): error C2143: syntax error: missing '{' before '*'
C:\Program Files (x86)\Windows Kits\10\include\10.0.18362.0\um\winber.h(248): error C2146: syntax error: missing ';' before identifier 'PSTR'
C:\Program Files (x86)\Windows Kits\10\include\10.0.18362.0\um\winber.h(248): error C2061: syntax error: identifier 'fmt'
C:\Program Files (x86)\Windows Kits\10\include\10.0.18362.0\um\winber.h(248): error C2059: syntax error: ','
C:\Program Files (x86)\Windows Kits\10\include\10.0.18362.0\um\winber.h(248): error C2059: syntax error: ')'
C:\Program Files (x86)\Windows Kits\10\include\10.0.18362.0\um\winber.h(340): error C2061: syntax error: identifier 'ULONG'
C:\Program Files (x86)\Windows Kits\10\include\10.0.18362.0\um\winber.h(340): error C2059: syntax error: ';'
C:\Program Files (x86)\Windows Kits\10\include\10.0.18362.0\um\winber.h(340): error C2143: syntax error: missing ')' before '*'
C:\Program Files (x86)\Windows Kits\10\include\10.0.18362.0\um\winber.h(340): error C2143: syntax error: missing '{' before '*'
C:\Program Files (x86)\Windows Kits\10\include\10.0.18362.0\um\winber.h(340): error C2146: syntax error: missing ';' before identifier 'PSTR'
C:\Program Files (x86)\Windows Kits\10\include\10.0.18362.0\um\winber.h(340): error C2061: syntax error: identifier 'fmt'
C:\Program Files (x86)\Windows Kits\10\include\10.0.18362.0\um\winber.h(340): error C2059: syntax error: ','
C:\Program Files (x86)\Windows Kits\10\include\10.0.18362.0\um\winber.h(340): error C2059: syntax error: ')'
ninja: build stopped: subcommand failed.


Source:
/* */
#include <winber.h>


int main(void){return 0;}

Determining if files ;ldap_ssl.h exist failed with the following output:
Change Dir: C:/Users/User/Desktop/Bot Maker Items/Bot/PD-Chaotic/cpp/out/build/x64-Debug (default)/CMakeFiles/CMakeTmp

Run Build Command(s):D:/VS tools/Common7/IDE/CommonExtensions/Microsoft/CMake/Ninja/ninja.exe cmTC_80962 && [1/2] Building C object CMakeFiles\cmTC_80962.dir\HAVE_LDAP_SSL_H.c.obj
FAILED: CMakeFiles/cmTC_80962.dir/HAVE_LDAP_SSL_H.c.obj 
"D:\VS tools\VC\Tools\MSVC\14.26.28801\bin\HostX64\x64\cl.exe"  /nologo   /DWIN32 /D_WINDOWS /W3  /MDd /Zi /Ob0 /Od /RTC1    -D_WINSOCKAPI_= -DSECURITY_WIN32 /showIncludes /FoCMakeFiles\cmTC_80962.dir\HAVE_LDAP_SSL_H.c.obj /FdCMakeFiles\cmTC_80962.dir\ /FS -c "C:\Users\User\Desktop\Bot Maker Items\Bot\PD-Chaotic\cpp\out\build\x64-Debug (default)\CMakeFiles\CheckIncludeFiles\HAVE_LDAP_SSL_H.c"
C:\Users\User\Desktop\Bot Maker Items\Bot\PD-Chaotic\cpp\out\build\x64-Debug (default)\CMakeFiles\CheckIncludeFiles\HAVE_LDAP_SSL_H.c(2): fatal error C1083: Cannot open include file: 'ldap_ssl.h': No such file or directory
ninja: build stopped: subcommand failed.


Source:
/* */
#include <ldap_ssl.h>


int main(void){return 0;}

Determining if files ;ldapssl.h exist failed with the following output:
Change Dir: C:/Users/User/Desktop/Bot Maker Items/Bot/PD-Chaotic/cpp/out/build/x64-Debug (default)/CMakeFiles/CMakeTmp

Run Build Command(s):D:/VS tools/Common7/IDE/CommonExtensions/Microsoft/CMake/Ninja/ninja.exe cmTC_eae07 && [1/2] Building C object CMakeFiles\cmTC_eae07.dir\HAVE_LDAPSSL_H.c.obj
FAILED: CMakeFiles/cmTC_eae07.dir/HAVE_LDAPSSL_H.c.obj 
"D:\VS tools\VC\Tools\MSVC\14.26.28801\bin\HostX64\x64\cl.exe"  /nologo   /DWIN32 /D_WINDOWS /W3  /MDd /Zi /Ob0 /Od /RTC1    -D_WINSOCKAPI_= -DSECURITY_WIN32 /showIncludes /FoCMakeFiles\cmTC_eae07.dir\HAVE_LDAPSSL_H.c.obj /FdCMakeFiles\cmTC_eae07.dir\ /FS -c "C:\Users\User\Desktop\Bot Maker Items\Bot\PD-Chaotic\cpp\out\build\x64-Debug (default)\CMakeFiles\CheckIncludeFiles\HAVE_LDAPSSL_H.c"
C:\Users\User\Desktop\Bot Maker Items\Bot\PD-Chaotic\cpp\out\build\x64-Debug (default)\CMakeFiles\CheckIncludeFiles\HAVE_LDAPSSL_H.c(2): fatal error C1083: Cannot open include file: 'ldapssl.h': No such file or directory
ninja: build stopped: subcommand failed.


Source:
/* */
#include <ldapssl.h>


int main(void){return 0;}

Determining if the function idn2_lookup_ul exists in the idn2;wldap32;winmm;ws2_32;crypt32 failed with the following output:
Change Dir: C:/Users/User/Desktop/Bot Maker Items/Bot/PD-Chaotic/cpp/out/build/x64-Debug (default)/CMakeFiles/CMakeTmp

Run Build Command(s):D:/VS tools/Common7/IDE/CommonExtensions/Microsoft/CMake/Ninja/ninja.exe cmTC_65812 && [1/2] Building C object CMakeFiles\cmTC_65812.dir\CheckFunctionExists.c.obj
[2/2] Linking C executable cmTC_65812.exe
FAILED: cmTC_65812.exe 
cmd.exe /C "cd . && "D:\VS tools\Common7\IDE\CommonExtensions\Microsoft\CMake\CMake\bin\cmake.exe" -E vs_link_exe --intdir=CMakeFiles\cmTC_65812.dir --rc=C:\PROGRA~2\WI3CF2~1\10\bin\100183~1.0\x64\rc.exe --mt=C:\PROGRA~2\WI3CF2~1\10\bin\100183~1.0\x64\mt.exe --manifests  -- "D:\VS tools\VC\Tools\MSVC\14.26.28801\bin\Hostx64\x64\link.exe" /nologo CMakeFiles\cmTC_65812.dir\CheckFunctionExists.c.obj  /out:cmTC_65812.exe /implib:cmTC_65812.lib /pdb:cmTC_65812.pdb /version:0.0  /machine:x64  /debug /INCREMENTAL /subsystem:console  idn2.lib  wldap32.lib  winmm.lib  ws2_32.lib  crypt32.lib  kernel32.lib user32.lib gdi32.lib winspool.lib shell32.lib ole32.lib oleaut32.lib uuid.lib comdlg32.lib advapi32.lib && cd ."
LINK Pass 1: command "D:\VS tools\VC\Tools\MSVC\14.26.28801\bin\Hostx64\x64\link.exe /nologo CMakeFiles\cmTC_65812.dir\CheckFunctionExists.c.obj /out:cmTC_65812.exe /implib:cmTC_65812.lib /pdb:cmTC_65812.pdb /version:0.0 /machine:x64 /debug /INCREMENTAL /subsystem:console idn2.lib wldap32.lib winmm.lib ws2_32.lib crypt32.lib kernel32.lib user32.lib gdi32.lib winspool.lib shell32.lib ole32.lib oleaut32.lib uuid.lib comdlg32.lib advapi32.lib /MANIFEST /MANIFESTFILE:CMakeFiles\cmTC_65812.dir/intermediate.manifest CMakeFiles\cmTC_65812.dir/manifest.res" failed (exit code 1104) with the following output:
LINK : fatal error LNK1104: cannot open file 'idn2.lib'
ninja: build stopped: subcommand failed.



Performing C SOURCE FILE Test USE_UNIX_SOCKETS failed with the following output:
Change Dir: C:/Users/User/Desktop/Bot Maker Items/Bot/PD-Chaotic/cpp/out/build/x64-Debug (default)/CMakeFiles/CMakeTmp

Run Build Command(s):D:/VS tools/Common7/IDE/CommonExtensions/Microsoft/CMake/Ninja/ninja.exe cmTC_efc9b && [1/2] Building C object CMakeFiles\cmTC_efc9b.dir\src.c.obj
FAILED: CMakeFiles/cmTC_efc9b.dir/src.c.obj 
"D:\VS tools\VC\Tools\MSVC\14.26.28801\bin\HostX64\x64\cl.exe"  /nologo   /DWIN32 /D_WINDOWS /W3 -DUSE_UNIX_SOCKETS /MDd /Zi /Ob0 /Od /RTC1    -D_WINSOCKAPI_= -DSECURITY_WIN32 /showIncludes /FoCMakeFiles\cmTC_efc9b.dir\src.c.obj /FdCMakeFiles\cmTC_efc9b.dir\ /FS -c src.c
src.c(2): fatal error C1083: Cannot open include file: 'sys/un.h': No such file or directory
ninja: build stopped: subcommand failed.


Source file was:

#include <sys/un.h>

int main()
{
  (void)sizeof(((struct sockaddr_un *)0)->sun_path);
  return 0;
}

Determining if files windows.h;winsock.h;ws2tcpip.h;winsock2.h;stdio.h;sys/filio.h exist failed with the following output:
Change Dir: C:/Users/User/Desktop/Bot Maker Items/Bot/PD-Chaotic/cpp/out/build/x64-Debug (default)/CMakeFiles/CMakeTmp

Run Build Command(s):D:/VS tools/Common7/IDE/CommonExtensions/Microsoft/CMake/Ninja/ninja.exe cmTC_4e672 && [1/2] Building C object CMakeFiles\cmTC_4e672.dir\HAVE_SYS_FILIO_H.c.obj
FAILED: CMakeFiles/cmTC_4e672.dir/HAVE_SYS_FILIO_H.c.obj 
"D:\VS tools\VC\Tools\MSVC\14.26.28801\bin\HostX64\x64\cl.exe"  /nologo   /DWIN32 /D_WINDOWS /W3  /MDd /Zi /Ob0 /Od /RTC1    -D_WINSOCKAPI_= -DSECURITY_WIN32 /showIncludes /FoCMakeFiles\cmTC_4e672.dir\HAVE_SYS_FILIO_H.c.obj /FdCMakeFiles\cmTC_4e672.dir\ /FS -c "C:\Users\User\Desktop\Bot Maker Items\Bot\PD-Chaotic\cpp\out\build\x64-Debug (default)\CMakeFiles\CheckIncludeFiles\HAVE_SYS_FILIO_H.c"
C:\Users\User\Desktop\Bot Maker Items\Bot\PD-Chaotic\cpp\out\build\x64-Debug (default)\CMakeFiles\CheckIncludeFiles\HAVE_SYS_FILIO_H.c(7): fatal error C1083: Cannot open include file: 'sys/filio.h': No such file or directory
ninja: build stopped: subcommand failed.


Source:
/* */
#include <windows.h>
#include <winsock.h>
#include <ws2tcpip.h>
#include <winsock2.h>
#include <stdio.h>
#include <sys/filio.h>


int main(void){return 0;}

Determining if files windows.h;winsock.h;ws2tcpip.h;winsock2.h;stdio.h;sys/ioctl.h exist failed with the following output:
Change Dir: C:/Users/User/Desktop/Bot Maker Items/Bot/PD-Chaotic/cpp/out/build/x64-Debug (default)/CMakeFiles/CMakeTmp

Run Build Command(s):D:/VS tools/Common7/IDE/CommonExtensions/Microsoft/CMake/Ninja/ninja.exe cmTC_9a38e && [1/2] Building C object CMakeFiles\cmTC_9a38e.dir\HAVE_SYS_IOCTL_H.c.obj
FAILED: CMakeFiles/cmTC_9a38e.dir/HAVE_SYS_IOCTL_H.c.obj 
"D:\VS tools\VC\Tools\MSVC\14.26.28801\bin\HostX64\x64\cl.exe"  /nologo   /DWIN32 /D_WINDOWS /W3  /MDd /Zi /Ob0 /Od /RTC1    -D_WINSOCKAPI_= -DSECURITY_WIN32 /showIncludes /FoCMakeFiles\cmTC_9a38e.dir\HAVE_SYS_IOCTL_H.c.obj /FdCMakeFiles\cmTC_9a38e.dir\ /FS -c "C:\Users\User\Desktop\Bot Maker Items\Bot\PD-Chaotic\cpp\out\build\x64-Debug (default)\CMakeFiles\CheckIncludeFiles\HAVE_SYS_IOCTL_H.c"
C:\Users\User\Desktop\Bot Maker Items\Bot\PD-Chaotic\cpp\out\build\x64-Debug (default)\CMakeFiles\CheckIncludeFiles\HAVE_SYS_IOCTL_H.c(7): fatal error C1083: Cannot open include file: 'sys/ioctl.h': No such file or directory
ninja: build stopped: subcommand failed.


Source:
/* */
#include <windows.h>
#include <winsock.h>
#include <ws2tcpip.h>
#include <winsock2.h>
#include <stdio.h>
#include <sys/ioctl.h>


int main(void){return 0;}

Determining if files windows.h;winsock.h;ws2tcpip.h;winsock2.h;stdio.h;sys/resource.h exist failed with the following output:
Change Dir: C:/Users/User/Desktop/Bot Maker Items/Bot/PD-Chaotic/cpp/out/build/x64-Debug (default)/CMakeFiles/CMakeTmp

Run Build Command(s):D:/VS tools/Common7/IDE/CommonExtensions/Microsoft/CMake/Ninja/ninja.exe cmTC_6bdac && [1/2] Building C object CMakeFiles\cmTC_6bdac.dir\HAVE_SYS_RESOURCE_H.c.obj
FAILED: CMakeFiles/cmTC_6bdac.dir/HAVE_SYS_RESOURCE_H.c.obj 
"D:\VS tools\VC\Tools\MSVC\14.26.28801\bin\HostX64\x64\cl.exe"  /nologo   /DWIN32 /D_WINDOWS /W3  /MDd /Zi /Ob0 /Od /RTC1    -D_WINSOCKAPI_= -DSECURITY_WIN32 /showIncludes /FoCMakeFiles\cmTC_6bdac.dir\HAVE_SYS_RESOURCE_H.c.obj /FdCMakeFiles\cmTC_6bdac.dir\ /FS -c "C:\Users\User\Desktop\Bot Maker Items\Bot\PD-Chaotic\cpp\out\build\x64-Debug (default)\CMakeFiles\CheckIncludeFiles\HAVE_SYS_RESOURCE_H.c"
C:\Users\User\Desktop\Bot Maker Items\Bot\PD-Chaotic\cpp\out\build\x64-Debug (default)\CMakeFiles\CheckIncludeFiles\HAVE_SYS_RESOURCE_H.c(7): fatal error C1083: Cannot open include file: 'sys/resource.h': No such file or directory
ninja: build stopped: subcommand failed.


Source:
/* */
#include <windows.h>
#include <winsock.h>
#include <ws2tcpip.h>
#include <winsock2.h>
#include <stdio.h>
#include <sys/resource.h>


int main(void){return 0;}

Determining if files windows.h;winsock.h;ws2tcpip.h;winsock2.h;stdio.h;sys/stat.h;sys/types.h;sys/uio.h exist failed with the following output:
Change Dir: C:/Users/User/Desktop/Bot Maker Items/Bot/PD-Chaotic/cpp/out/build/x64-Debug (default)/CMakeFiles/CMakeTmp

Run Build Command(s):D:/VS tools/Common7/IDE/CommonExtensions/Microsoft/CMake/Ninja/ninja.exe cmTC_8a00d && [1/2] Building C object CMakeFiles\cmTC_8a00d.dir\HAVE_SYS_UIO_H.c.obj
FAILED: CMakeFiles/cmTC_8a00d.dir/HAVE_SYS_UIO_H.c.obj 
"D:\VS tools\VC\Tools\MSVC\14.26.28801\bin\HostX64\x64\cl.exe"  /nologo   /DWIN32 /D_WINDOWS /W3  /MDd /Zi /Ob0 /Od /RTC1    -D_WINSOCKAPI_= -DSECURITY_WIN32 /showIncludes /FoCMakeFiles\cmTC_8a00d.dir\HAVE_SYS_UIO_H.c.obj /FdCMakeFiles\cmTC_8a00d.dir\ /FS -c "C:\Users\User\Desktop\Bot Maker Items\Bot\PD-Chaotic\cpp\out\build\x64-Debug (default)\CMakeFiles\CheckIncludeFiles\HAVE_SYS_UIO_H.c"
C:\Users\User\Desktop\Bot Maker Items\Bot\PD-Chaotic\cpp\out\build\x64-Debug (default)\CMakeFiles\CheckIncludeFiles\HAVE_SYS_UIO_H.c(9): fatal error C1083: Cannot open include file: 'sys/uio.h': No such file or directory
ninja: build stopped: subcommand failed.


Source:
/* */
#include <windows.h>
#include <winsock.h>
#include <ws2tcpip.h>
#include <winsock2.h>
#include <stdio.h>
#include <sys/stat.h>
#include <sys/types.h>
#include <sys/uio.h>


int main(void){return 0;}

Determining if files windows.h;winsock.h;ws2tcpip.h;winsock2.h;stdio.h;sys/stat.h;sys/types.h;sys/un.h exist failed with the following output:
Change Dir: C:/Users/User/Desktop/Bot Maker Items/Bot/PD-Chaotic/cpp/out/build/x64-Debug (default)/CMakeFiles/CMakeTmp

Run Build Command(s):D:/VS tools/Common7/IDE/CommonExtensions/Microsoft/CMake/Ninja/ninja.exe cmTC_f87cf && [1/2] Building C object CMakeFiles\cmTC_f87cf.dir\HAVE_SYS_UN_H.c.obj
FAILED: CMakeFiles/cmTC_f87cf.dir/HAVE_SYS_UN_H.c.obj 
"D:\VS tools\VC\Tools\MSVC\14.26.28801\bin\HostX64\x64\cl.exe"  /nologo   /DWIN32 /D_WINDOWS /W3  /MDd /Zi /Ob0 /Od /RTC1    -D_WINSOCKAPI_= -DSECURITY_WIN32 /showIncludes /FoCMakeFiles\cmTC_f87cf.dir\HAVE_SYS_UN_H.c.obj /FdCMakeFiles\cmTC_f87cf.dir\ /FS -c "C:\Users\User\Desktop\Bot Maker Items\Bot\PD-Chaotic\cpp\out\build\x64-Debug (default)\CMakeFiles\CheckIncludeFiles\HAVE_SYS_UN_H.c"
C:\Users\User\Desktop\Bot Maker Items\Bot\PD-Chaotic\cpp\out\build\x64-Debug (default)\CMakeFiles\CheckIncludeFiles\HAVE_SYS_UN_H.c(9): fatal error C1083: Cannot open include file: 'sys/un.h': No such file or directory
ninja: build stopped: subcommand failed.


Source:
/* */
#include <windows.h>
#include <winsock.h>
#include <ws2tcpip.h>
#include <winsock2.h>
#include <stdio.h>
#include <sys/stat.h>
#include <sys/types.h>
#include <sys/un.h>


int main(void){return 0;}

Determining if files windows.h;winsock.h;ws2tcpip.h;winsock2.h;stdio.h;sys/stat.h;sys/types.h;sys/utime.h;sys/xattr.h exist failed with the following output:
Change Dir: C:/Users/User/Desktop/Bot Maker Items/Bot/PD-Chaotic/cpp/out/build/x64-Debug (default)/CMakeFiles/CMakeTmp

Run Build Command(s):D:/VS tools/Common7/IDE/CommonExtensions/Microsoft/CMake/Ninja/ninja.exe cmTC_faaec && [1/2] Building C object CMakeFiles\cmTC_faaec.dir\HAVE_SYS_XATTR_H.c.obj
FAILED: CMakeFiles/cmTC_faaec.dir/HAVE_SYS_XATTR_H.c.obj 
"D:\VS tools\VC\Tools\MSVC\14.26.28801\bin\HostX64\x64\cl.exe"  /nologo   /DWIN32 /D_WINDOWS /W3  /MDd /Zi /Ob0 /Od /RTC1    -D_WINSOCKAPI_= -DSECURITY_WIN32 /showIncludes /FoCMakeFiles\cmTC_faaec.dir\HAVE_SYS_XATTR_H.c.obj /FdCMakeFiles\cmTC_faaec.dir\ /FS -c "C:\Users\User\Desktop\Bot Maker Items\Bot\PD-Chaotic\cpp\out\build\x64-Debug (default)\CMakeFiles\CheckIncludeFiles\HAVE_SYS_XATTR_H.c"
C:\Users\User\Desktop\Bot Maker Items\Bot\PD-Chaotic\cpp\out\build\x64-Debug (default)\CMakeFiles\CheckIncludeFiles\HAVE_SYS_XATTR_H.c(10): fatal error C1083: Cannot open include file: 'sys/xattr.h': No such file or directory
ninja: build stopped: subcommand failed.


Source:
/* */
#include <windows.h>
#include <winsock.h>
#include <ws2tcpip.h>
#include <winsock2.h>
#include <stdio.h>
#include <sys/stat.h>
#include <sys/types.h>
#include <sys/utime.h>
#include <sys/xattr.h>


int main(void){return 0;}

Determining if files windows.h;winsock.h;ws2tcpip.h;winsock2.h;stdio.h;sys/stat.h;sys/types.h;sys/utime.h;arpa/tftp.h exist failed with the following output:
Change Dir: C:/Users/User/Desktop/Bot Maker Items/Bot/PD-Chaotic/cpp/out/build/x64-Debug (default)/CMakeFiles/CMakeTmp

Run Build Command(s):D:/VS tools/Common7/IDE/CommonExtensions/Microsoft/CMake/Ninja/ninja.exe cmTC_5b731 && [1/2] Building C object CMakeFiles\cmTC_5b731.dir\HAVE_ARPA_TFTP_H.c.obj
FAILED: CMakeFiles/cmTC_5b731.dir/HAVE_ARPA_TFTP_H.c.obj 
"D:\VS tools\VC\Tools\MSVC\14.26.28801\bin\HostX64\x64\cl.exe"  /nologo   /DWIN32 /D_WINDOWS /W3  /MDd /Zi /Ob0 /Od /RTC1    -D_WINSOCKAPI_= -DSECURITY_WIN32 /showIncludes /FoCMakeFiles\cmTC_5b731.dir\HAVE_ARPA_TFTP_H.c.obj /FdCMakeFiles\cmTC_5b731.dir\ /FS -c "C:\Users\User\Desktop\Bot Maker Items\Bot\PD-Chaotic\cpp\out\build\x64-Debug (default)\CMakeFiles\CheckIncludeFiles\HAVE_ARPA_TFTP_H.c"
C:\Users\User\Desktop\Bot Maker Items\Bot\PD-Chaotic\cpp\out\build\x64-Debug (default)\CMakeFiles\CheckIncludeFiles\HAVE_ARPA_TFTP_H.c(10): fatal error C1083: Cannot open include file: 'arpa/tftp.h': No such file or directory
ninja: build stopped: subcommand failed.


Source:
/* */
#include <windows.h>
#include <winsock.h>
#include <ws2tcpip.h>
#include <winsock2.h>
#include <stdio.h>
#include <sys/stat.h>
#include <sys/types.h>
#include <sys/utime.h>
#include <arpa/tftp.h>


int main(void){return 0;}

Determining if files windows.h;winsock.h;ws2tcpip.h;winsock2.h;stdio.h;sys/stat.h;sys/types.h;sys/utime.h;assert.h;crypto.h exist failed with the following output:
Change Dir: C:/Users/User/Desktop/Bot Maker Items/Bot/PD-Chaotic/cpp/out/build/x64-Debug (default)/CMakeFiles/CMakeTmp

Run Build Command(s):D:/VS tools/Common7/IDE/CommonExtensions/Microsoft/CMake/Ninja/ninja.exe cmTC_12d96 && [1/2] Building C object CMakeFiles\cmTC_12d96.dir\HAVE_CRYPTO_H.c.obj
FAILED: CMakeFiles/cmTC_12d96.dir/HAVE_CRYPTO_H.c.obj 
"D:\VS tools\VC\Tools\MSVC\14.26.28801\bin\HostX64\x64\cl.exe"  /nologo   /DWIN32 /D_WINDOWS /W3  /MDd /Zi /Ob0 /Od /RTC1    -D_WINSOCKAPI_= -DSECURITY_WIN32 /showIncludes /FoCMakeFiles\cmTC_12d96.dir\HAVE_CRYPTO_H.c.obj /FdCMakeFiles\cmTC_12d96.dir\ /FS -c "C:\Users\User\Desktop\Bot Maker Items\Bot\PD-Chaotic\cpp\out\build\x64-Debug (default)\CMakeFiles\CheckIncludeFiles\HAVE_CRYPTO_H.c"
C:\Users\User\Desktop\Bot Maker Items\Bot\PD-Chaotic\cpp\out\build\x64-Debug (default)\CMakeFiles\CheckIncludeFiles\HAVE_CRYPTO_H.c(11): fatal error C1083: Cannot open include file: 'crypto.h': No such file or directory
ninja: build stopped: subcommand failed.


Source:
/* */
#include <windows.h>
#include <winsock.h>
#include <ws2tcpip.h>
#include <winsock2.h>
#include <stdio.h>
#include <sys/stat.h>
#include <sys/types.h>
#include <sys/utime.h>
#include <assert.h>
#include <crypto.h>


int main(void){return 0;}

Determining if files windows.h;winsock.h;ws2tcpip.h;winsock2.h;stdio.h;sys/stat.h;sys/types.h;sys/utime.h;assert.h;des.h exist failed with the following output:
Change Dir: C:/Users/User/Desktop/Bot Maker Items/Bot/PD-Chaotic/cpp/out/build/x64-Debug (default)/CMakeFiles/CMakeTmp

Run Build Command(s):D:/VS tools/Common7/IDE/CommonExtensions/Microsoft/CMake/Ninja/ninja.exe cmTC_08ed6 && [1/2] Building C object CMakeFiles\cmTC_08ed6.dir\HAVE_DES_H.c.obj
FAILED: CMakeFiles/cmTC_08ed6.dir/HAVE_DES_H.c.obj 
"D:\VS tools\VC\Tools\MSVC\14.26.28801\bin\HostX64\x64\cl.exe"  /nologo   /DWIN32 /D_WINDOWS /W3  /MDd /Zi /Ob0 /Od /RTC1    -D_WINSOCKAPI_= -DSECURITY_WIN32 /showIncludes /FoCMakeFiles\cmTC_08ed6.dir\HAVE_DES_H.c.obj /FdCMakeFiles\cmTC_08ed6.dir\ /FS -c "C:\Users\User\Desktop\Bot Maker Items\Bot\PD-Chaotic\cpp\out\build\x64-Debug (default)\CMakeFiles\CheckIncludeFiles\HAVE_DES_H.c"
C:\Users\User\Desktop\Bot Maker Items\Bot\PD-Chaotic\cpp\out\build\x64-Debug (default)\CMakeFiles\CheckIncludeFiles\HAVE_DES_H.c(11): fatal error C1083: Cannot open include file: 'des.h': No such file or directory
ninja: build stopped: subcommand failed.


Source:
/* */
#include <windows.h>
#include <winsock.h>
#include <ws2tcpip.h>
#include <winsock2.h>
#include <stdio.h>
#include <sys/stat.h>
#include <sys/types.h>
#include <sys/utime.h>
#include <assert.h>
#include <des.h>


int main(void){return 0;}

Determining if files windows.h;winsock.h;ws2tcpip.h;winsock2.h;stdio.h;sys/stat.h;sys/types.h;sys/utime.h;assert.h;err.h exist failed with the following output:
Change Dir: C:/Users/User/Desktop/Bot Maker Items/Bot/PD-Chaotic/cpp/out/build/x64-Debug (default)/CMakeFiles/CMakeTmp

Run Build Command(s):D:/VS tools/Common7/IDE/CommonExtensions/Microsoft/CMake/Ninja/ninja.exe cmTC_3bf1b && [1/2] Building C object CMakeFiles\cmTC_3bf1b.dir\HAVE_ERR_H.c.obj
FAILED: CMakeFiles/cmTC_3bf1b.dir/HAVE_ERR_H.c.obj 
"D:\VS tools\VC\Tools\MSVC\14.26.28801\bin\HostX64\x64\cl.exe"  /nologo   /DWIN32 /D_WINDOWS /W3  /MDd /Zi /Ob0 /Od /RTC1    -D_WINSOCKAPI_= -DSECURITY_WIN32 /showIncludes /FoCMakeFiles\cmTC_3bf1b.dir\HAVE_ERR_H.c.obj /FdCMakeFiles\cmTC_3bf1b.dir\ /FS -c "C:\Users\User\Desktop\Bot Maker Items\Bot\PD-Chaotic\cpp\out\build\x64-Debug (default)\CMakeFiles\CheckIncludeFiles\HAVE_ERR_H.c"
C:\Users\User\Desktop\Bot Maker Items\Bot\PD-Chaotic\cpp\out\build\x64-Debug (default)\CMakeFiles\CheckIncludeFiles\HAVE_ERR_H.c(11): fatal error C1083: Cannot open include file: 'err.h': No such file or directory
ninja: build stopped: subcommand failed.


Source:
/* */
#include <windows.h>
#include <winsock.h>
#include <ws2tcpip.h>
#include <winsock2.h>
#include <stdio.h>
#include <sys/stat.h>
#include <sys/types.h>
#include <sys/utime.h>
#include <assert.h>
#include <err.h>


int main(void){return 0;}

Determining if files windows.h;winsock.h;ws2tcpip.h;winsock2.h;stdio.h;sys/stat.h;sys/types.h;sys/utime.h;assert.h;errno.h;fcntl.h;idn2.h exist failed with the following output:
Change Dir: C:/Users/User/Desktop/Bot Maker Items/Bot/PD-Chaotic/cpp/out/build/x64-Debug (default)/CMakeFiles/CMakeTmp

Run Build Command(s):D:/VS tools/Common7/IDE/CommonExtensions/Microsoft/CMake/Ninja/ninja.exe cmTC_0475b && [1/2] Building C object CMakeFiles\cmTC_0475b.dir\HAVE_IDN2_H.c.obj
FAILED: CMakeFiles/cmTC_0475b.dir/HAVE_IDN2_H.c.obj 
"D:\VS tools\VC\Tools\MSVC\14.26.28801\bin\HostX64\x64\cl.exe"  /nologo   /DWIN32 /D_WINDOWS /W3  /MDd /Zi /Ob0 /Od /RTC1    -D_WINSOCKAPI_= -DSECURITY_WIN32 /showIncludes /FoCMakeFiles\cmTC_0475b.dir\HAVE_IDN2_H.c.obj /FdCMakeFiles\cmTC_0475b.dir\ /FS -c "C:\Users\User\Desktop\Bot Maker Items\Bot\PD-Chaotic\cpp\out\build\x64-Debug (default)\CMakeFiles\CheckIncludeFiles\HAVE_IDN2_H.c"
C:\Users\User\Desktop\Bot Maker Items\Bot\PD-Chaotic\cpp\out\build\x64-Debug (default)\CMakeFiles\CheckIncludeFiles\HAVE_IDN2_H.c(13): fatal error C1083: Cannot open include file: 'idn2.h': No such file or directory
ninja: build stopped: subcommand failed.


Source:
/* */
#include <windows.h>
#include <winsock.h>
#include <ws2tcpip.h>
#include <winsock2.h>
#include <stdio.h>
#include <sys/stat.h>
#include <sys/types.h>
#include <sys/utime.h>
#include <assert.h>
#include <errno.h>
#include <fcntl.h>
#include <idn2.h>


int main(void){return 0;}

Determining if files windows.h;winsock.h;ws2tcpip.h;winsock2.h;stdio.h;sys/stat.h;sys/types.h;sys/utime.h;assert.h;errno.h;fcntl.h;ifaddrs.h exist failed with the following output:
Change Dir: C:/Users/User/Desktop/Bot Maker Items/Bot/PD-Chaotic/cpp/out/build/x64-Debug (default)/CMakeFiles/CMakeTmp

Run Build Command(s):D:/VS tools/Common7/IDE/CommonExtensions/Microsoft/CMake/Ninja/ninja.exe cmTC_94a45 && [1/2] Building C object CMakeFiles\cmTC_94a45.dir\HAVE_IFADDRS_H.c.obj
FAILED: CMakeFiles/cmTC_94a45.dir/HAVE_IFADDRS_H.c.obj 
"D:\VS tools\VC\Tools\MSVC\14.26.28801\bin\HostX64\x64\cl.exe"  /nologo   /DWIN32 /D_WINDOWS /W3  /MDd /Zi /Ob0 /Od /RTC1    -D_WINSOCKAPI_= -DSECURITY_WIN32 /showIncludes /FoCMakeFiles\cmTC_94a45.dir\HAVE_IFADDRS_H.c.obj /FdCMakeFiles\cmTC_94a45.dir\ /FS -c "C:\Users\User\Desktop\Bot Maker Items\Bot\PD-Chaotic\cpp\out\build\x64-Debug (default)\CMakeFiles\CheckIncludeFiles\HAVE_IFADDRS_H.c"
C:\Users\User\Desktop\Bot Maker Items\Bot\PD-Chaotic\cpp\out\build\x64-Debug (default)\CMakeFiles\CheckIncludeFiles\HAVE_IFADDRS_H.c(13): fatal error C1083: Cannot open include file: 'ifaddrs.h': No such file or directory
ninja: build stopped: subcommand failed.


Source:
/* */
#include <windows.h>
#include <winsock.h>
#include <ws2tcpip.h>
#include <winsock2.h>
#include <stdio.h>
#include <sys/stat.h>
#include <sys/types.h>
#include <sys/utime.h>
#include <assert.h>
#include <errno.h>
#include <fcntl.h>
#include <ifaddrs.h>


int main(void){return 0;}

Determining if files windows.h;winsock.h;ws2tcpip.h;winsock2.h;stdio.h;sys/stat.h;sys/types.h;sys/utime.h;assert.h;errno.h;fcntl.h;io.h;krb.h exist failed with the following output:
Change Dir: C:/Users/User/Desktop/Bot Maker Items/Bot/PD-Chaotic/cpp/out/build/x64-Debug (default)/CMakeFiles/CMakeTmp

Run Build Command(s):D:/VS tools/Common7/IDE/CommonExtensions/Microsoft/CMake/Ninja/ninja.exe cmTC_4c264 && [1/2] Building C object CMakeFiles\cmTC_4c264.dir\HAVE_KRB_H.c.obj
FAILED: CMakeFiles/cmTC_4c264.dir/HAVE_KRB_H.c.obj 
"D:\VS tools\VC\Tools\MSVC\14.26.28801\bin\HostX64\x64\cl.exe"  /nologo   /DWIN32 /D_WINDOWS /W3  /MDd /Zi /Ob0 /Od /RTC1    -D_WINSOCKAPI_= -DSECURITY_WIN32 /showIncludes /FoCMakeFiles\cmTC_4c264.dir\HAVE_KRB_H.c.obj /FdCMakeFiles\cmTC_4c264.dir\ /FS -c "C:\Users\User\Desktop\Bot Maker Items\Bot\PD-Chaotic\cpp\out\build\x64-Debug (default)\CMakeFiles\CheckIncludeFiles\HAVE_KRB_H.c"
C:\Users\User\Desktop\Bot Maker Items\Bot\PD-Chaotic\cpp\out\build\x64-Debug (default)\CMakeFiles\CheckIncludeFiles\HAVE_KRB_H.c(14): fatal error C1083: Cannot open include file: 'krb.h': No such file or directory
ninja: build stopped: subcommand failed.


Source:
/* */
#include <windows.h>
#include <winsock.h>
#include <ws2tcpip.h>
#include <winsock2.h>
#include <stdio.h>
#include <sys/stat.h>
#include <sys/types.h>
#include <sys/utime.h>
#include <assert.h>
#include <errno.h>
#include <fcntl.h>
#include <io.h>
#include <krb.h>


int main(void){return 0;}

Determining if files windows.h;winsock.h;ws2tcpip.h;winsock2.h;stdio.h;sys/stat.h;sys/types.h;sys/utime.h;assert.h;errno.h;fcntl.h;io.h;libgen.h exist failed with the following output:
Change Dir: C:/Users/User/Desktop/Bot Maker Items/Bot/PD-Chaotic/cpp/out/build/x64-Debug (default)/CMakeFiles/CMakeTmp

Run Build Command(s):D:/VS tools/Common7/IDE/CommonExtensions/Microsoft/CMake/Ninja/ninja.exe cmTC_f0e2e && [1/2] Building C object CMakeFiles\cmTC_f0e2e.dir\HAVE_LIBGEN_H.c.obj
FAILED: CMakeFiles/cmTC_f0e2e.dir/HAVE_LIBGEN_H.c.obj 
"D:\VS tools\VC\Tools\MSVC\14.26.28801\bin\HostX64\x64\cl.exe"  /nologo   /DWIN32 /D_WINDOWS /W3  /MDd /Zi /Ob0 /Od /RTC1    -D_WINSOCKAPI_= -DSECURITY_WIN32 /showIncludes /FoCMakeFiles\cmTC_f0e2e.dir\HAVE_LIBGEN_H.c.obj /FdCMakeFiles\cmTC_f0e2e.dir\ /FS -c "C:\Users\User\Desktop\Bot Maker Items\Bot\PD-Chaotic\cpp\out\build\x64-Debug (default)\CMakeFiles\CheckIncludeFiles\HAVE_LIBGEN_H.c"
C:\Users\User\Desktop\Bot Maker Items\Bot\PD-Chaotic\cpp\out\build\x64-Debug (default)\CMakeFiles\CheckIncludeFiles\HAVE_LIBGEN_H.c(14): fatal error C1083: Cannot open include file: 'libgen.h': No such file or directory
ninja: build stopped: subcommand failed.


Source:
/* */
#include <windows.h>
#include <winsock.h>
#include <ws2tcpip.h>
#include <winsock2.h>
#include <stdio.h>
#include <sys/stat.h>
#include <sys/types.h>
#include <sys/utime.h>
#include <assert.h>
#include <errno.h>
#include <fcntl.h>
#include <io.h>
#include <libgen.h>


int main(void){return 0;}

Determining if files windows.h;winsock.h;ws2tcpip.h;winsock2.h;stdio.h;sys/stat.h;sys/types.h;sys/utime.h;assert.h;errno.h;fcntl.h;io.h;limits.h;locale.h;netinet/tcp.h exist failed with the following output:
Change Dir: C:/Users/User/Desktop/Bot Maker Items/Bot/PD-Chaotic/cpp/out/build/x64-Debug (default)/CMakeFiles/CMakeTmp

Run Build Command(s):D:/VS tools/Common7/IDE/CommonExtensions/Microsoft/CMake/Ninja/ninja.exe cmTC_60e9b && [1/2] Building C object CMakeFiles\cmTC_60e9b.dir\HAVE_NETINET_TCP_H.c.obj
FAILED: CMakeFiles/cmTC_60e9b.dir/HAVE_NETINET_TCP_H.c.obj 
"D:\VS tools\VC\Tools\MSVC\14.26.28801\bin\HostX64\x64\cl.exe"  /nologo   /DWIN32 /D_WINDOWS /W3  /MDd /Zi /Ob0 /Od /RTC1    -D_WINSOCKAPI_= -DSECURITY_WIN32 /showIncludes /FoCMakeFiles\cmTC_60e9b.dir\HAVE_NETINET_TCP_H.c.obj /FdCMakeFiles\cmTC_60e9b.dir\ /FS -c "C:\Users\User\Desktop\Bot Maker Items\Bot\PD-Chaotic\cpp\out\build\x64-Debug (default)\CMakeFiles\CheckIncludeFiles\HAVE_NETINET_TCP_H.c"
C:\Users\User\Desktop\Bot Maker Items\Bot\PD-Chaotic\cpp\out\build\x64-Debug (default)\CMakeFiles\CheckIncludeFiles\HAVE_NETINET_TCP_H.c(16): fatal error C1083: Cannot open include file: 'netinet/tcp.h': No such file or directory
ninja: build stopped: subcommand failed.


Source:
/* */
#include <windows.h>
#include <winsock.h>
#include <ws2tcpip.h>
#include <winsock2.h>
#include <stdio.h>
#include <sys/stat.h>
#include <sys/types.h>
#include <sys/utime.h>
#include <assert.h>
#include <errno.h>
#include <fcntl.h>
#include <io.h>
#include <limits.h>
#include <locale.h>
#include <netinet/tcp.h>


int main(void){return 0;}

Determining if files windows.h;winsock.h;ws2tcpip.h;winsock2.h;stdio.h;sys/stat.h;sys/types.h;sys/utime.h;assert.h;errno.h;fcntl.h;io.h;limits.h;locale.h;pem.h exist failed with the following output:
Change Dir: C:/Users/User/Desktop/Bot Maker Items/Bot/PD-Chaotic/cpp/out/build/x64-Debug (default)/CMakeFiles/CMakeTmp

Run Build Command(s):D:/VS tools/Common7/IDE/CommonExtensions/Microsoft/CMake/Ninja/ninja.exe cmTC_e7530 && [1/2] Building C object CMakeFiles\cmTC_e7530.dir\HAVE_PEM_H.c.obj
FAILED: CMakeFiles/cmTC_e7530.dir/HAVE_PEM_H.c.obj 
"D:\VS tools\VC\Tools\MSVC\14.26.28801\bin\HostX64\x64\cl.exe"  /nologo   /DWIN32 /D_WINDOWS /W3  /MDd /Zi /Ob0 /Od /RTC1    -D_WINSOCKAPI_= -DSECURITY_WIN32 /showIncludes /FoCMakeFiles\cmTC_e7530.dir\HAVE_PEM_H.c.obj /FdCMakeFiles\cmTC_e7530.dir\ /FS -c "C:\Users\User\Desktop\Bot Maker Items\Bot\PD-Chaotic\cpp\out\build\x64-Debug (default)\CMakeFiles\CheckIncludeFiles\HAVE_PEM_H.c"
C:\Users\User\Desktop\Bot Maker Items\Bot\PD-Chaotic\cpp\out\build\x64-Debug (default)\CMakeFiles\CheckIncludeFiles\HAVE_PEM_H.c(16): fatal error C1083: Cannot open include file: 'pem.h': No such file or directory
ninja: build stopped: subcommand failed.


Source:
/* */
#include <windows.h>
#include <winsock.h>
#include <ws2tcpip.h>
#include <winsock2.h>
#include <stdio.h>
#include <sys/stat.h>
#include <sys/types.h>
#include <sys/utime.h>
#include <assert.h>
#include <errno.h>
#include <fcntl.h>
#include <io.h>
#include <limits.h>
#include <locale.h>
#include <pem.h>


int main(void){return 0;}

Determining if files windows.h;winsock.h;ws2tcpip.h;winsock2.h;stdio.h;sys/stat.h;sys/types.h;sys/utime.h;assert.h;errno.h;fcntl.h;io.h;limits.h;locale.h;poll.h exist failed with the following output:
Change Dir: C:/Users/User/Desktop/Bot Maker Items/Bot/PD-Chaotic/cpp/out/build/x64-Debug (default)/CMakeFiles/CMakeTmp

Run Build Command(s):D:/VS tools/Common7/IDE/CommonExtensions/Microsoft/CMake/Ninja/ninja.exe cmTC_1582a && [1/2] Building C object CMakeFiles\cmTC_1582a.dir\HAVE_POLL_H.c.obj
FAILED: CMakeFiles/cmTC_1582a.dir/HAVE_POLL_H.c.obj 
"D:\VS tools\VC\Tools\MSVC\14.26.28801\bin\HostX64\x64\cl.exe"  /nologo   /DWIN32 /D_WINDOWS /W3  /MDd /Zi /Ob0 /Od /RTC1    -D_WINSOCKAPI_= -DSECURITY_WIN32 /showIncludes /FoCMakeFiles\cmTC_1582a.dir\HAVE_POLL_H.c.obj /FdCMakeFiles\cmTC_1582a.dir\ /FS -c "C:\Users\User\Desktop\Bot Maker Items\Bot\PD-Chaotic\cpp\out\build\x64-Debug (default)\CMakeFiles\CheckIncludeFiles\HAVE_POLL_H.c"
C:\Users\User\Desktop\Bot Maker Items\Bot\PD-Chaotic\cpp\out\build\x64-Debug (default)\CMakeFiles\CheckIncludeFiles\HAVE_POLL_H.c(16): fatal error C1083: Cannot open include file: 'poll.h': No such file or directory
ninja: build stopped: subcommand failed.


Source:
/* */
#include <windows.h>
#include <winsock.h>
#include <ws2tcpip.h>
#include <winsock2.h>
#include <stdio.h>
#include <sys/stat.h>
#include <sys/types.h>
#include <sys/utime.h>
#include <assert.h>
#include <errno.h>
#include <fcntl.h>
#include <io.h>
#include <limits.h>
#include <locale.h>
#include <poll.h>


int main(void){return 0;}

Determining if files windows.h;winsock.h;ws2tcpip.h;winsock2.h;stdio.h;sys/stat.h;sys/types.h;sys/utime.h;assert.h;errno.h;fcntl.h;io.h;limits.h;locale.h;rsa.h exist failed with the following output:
Change Dir: C:/Users/User/Desktop/Bot Maker Items/Bot/PD-Chaotic/cpp/out/build/x64-Debug (default)/CMakeFiles/CMakeTmp

Run Build Command(s):D:/VS tools/Common7/IDE/CommonExtensions/Microsoft/CMake/Ninja/ninja.exe cmTC_c4f91 && [1/2] Building C object CMakeFiles\cmTC_c4f91.dir\HAVE_RSA_H.c.obj
FAILED: CMakeFiles/cmTC_c4f91.dir/HAVE_RSA_H.c.obj 
"D:\VS tools\VC\Tools\MSVC\14.26.28801\bin\HostX64\x64\cl.exe"  /nologo   /DWIN32 /D_WINDOWS /W3  /MDd /Zi /Ob0 /Od /RTC1    -D_WINSOCKAPI_= -DSECURITY_WIN32 /showIncludes /FoCMakeFiles\cmTC_c4f91.dir\HAVE_RSA_H.c.obj /FdCMakeFiles\cmTC_c4f91.dir\ /FS -c "C:\Users\User\Desktop\Bot Maker Items\Bot\PD-Chaotic\cpp\out\build\x64-Debug (default)\CMakeFiles\CheckIncludeFiles\HAVE_RSA_H.c"
C:\Users\User\Desktop\Bot Maker Items\Bot\PD-Chaotic\cpp\out\build\x64-Debug (default)\CMakeFiles\CheckIncludeFiles\HAVE_RSA_H.c(16): fatal error C1083: Cannot open include file: 'rsa.h': No such file or directory
ninja: build stopped: subcommand failed.


Source:
/* */
#include <windows.h>
#include <winsock.h>
#include <ws2tcpip.h>
#include <winsock2.h>
#include <stdio.h>
#include <sys/stat.h>
#include <sys/types.h>
#include <sys/utime.h>
#include <assert.h>
#include <errno.h>
#include <fcntl.h>
#include <io.h>
#include <limits.h>
#include <locale.h>
#include <rsa.h>


int main(void){return 0;}

Determining if files windows.h;winsock.h;ws2tcpip.h;winsock2.h;stdio.h;sys/stat.h;sys/types.h;sys/utime.h;assert.h;errno.h;fcntl.h;io.h;limits.h;locale.h;setjmp.h;signal.h;ssl.h exist failed with the following output:
Change Dir: C:/Users/User/Desktop/Bot Maker Items/Bot/PD-Chaotic/cpp/out/build/x64-Debug (default)/CMakeFiles/CMakeTmp

Run Build Command(s):D:/VS tools/Common7/IDE/CommonExtensions/Microsoft/CMake/Ninja/ninja.exe cmTC_61420 && [1/2] Building C object CMakeFiles\cmTC_61420.dir\HAVE_SSL_H.c.obj
FAILED: CMakeFiles/cmTC_61420.dir/HAVE_SSL_H.c.obj 
"D:\VS tools\VC\Tools\MSVC\14.26.28801\bin\HostX64\x64\cl.exe"  /nologo   /DWIN32 /D_WINDOWS /W3  /MDd /Zi /Ob0 /Od /RTC1    -D_WINSOCKAPI_= -DSECURITY_WIN32 /showIncludes /FoCMakeFiles\cmTC_61420.dir\HAVE_SSL_H.c.obj /FdCMakeFiles\cmTC_61420.dir\ /FS -c "C:\Users\User\Desktop\Bot Maker Items\Bot\PD-Chaotic\cpp\out\build\x64-Debug (default)\CMakeFiles\CheckIncludeFiles\HAVE_SSL_H.c"
C:\Users\User\Desktop\Bot Maker Items\Bot\PD-Chaotic\cpp\out\build\x64-Debug (default)\CMakeFiles\CheckIncludeFiles\HAVE_SSL_H.c(18): fatal error C1083: Cannot open include file: 'ssl.h': No such file or directory
ninja: build stopped: subcommand failed.


Source:
/* */
#include <windows.h>
#include <winsock.h>
#include <ws2tcpip.h>
#include <winsock2.h>
#include <stdio.h>
#include <sys/stat.h>
#include <sys/types.h>
#include <sys/utime.h>
#include <assert.h>
#include <errno.h>
#include <fcntl.h>
#include <io.h>
#include <limits.h>
#include <locale.h>
#include <setjmp.h>
#include <signal.h>
#include <ssl.h>


int main(void){return 0;}

Determining if files windows.h;winsock.h;ws2tcpip.h;winsock2.h;stdio.h;sys/stat.h;sys/types.h;sys/utime.h;assert.h;errno.h;fcntl.h;io.h;limits.h;locale.h;setjmp.h;signal.h;stdbool.h;stdio.h;stdlib.h;string.h;stropts.h exist failed with the following output:
Change Dir: C:/Users/User/Desktop/Bot Maker Items/Bot/PD-Chaotic/cpp/out/build/x64-Debug (default)/CMakeFiles/CMakeTmp

Run Build Command(s):D:/VS tools/Common7/IDE/CommonExtensions/Microsoft/CMake/Ninja/ninja.exe cmTC_f22e0 && [1/2] Building C object CMakeFiles\cmTC_f22e0.dir\HAVE_STROPTS_H.c.obj
FAILED: CMakeFiles/cmTC_f22e0.dir/HAVE_STROPTS_H.c.obj 
"D:\VS tools\VC\Tools\MSVC\14.26.28801\bin\HostX64\x64\cl.exe"  /nologo   /DWIN32 /D_WINDOWS /W3  /MDd /Zi /Ob0 /Od /RTC1    -D_WINSOCKAPI_= -DSECURITY_WIN32 /showIncludes /FoCMakeFiles\cmTC_f22e0.dir\HAVE_STROPTS_H.c.obj /FdCMakeFiles\cmTC_f22e0.dir\ /FS -c "C:\Users\User\Desktop\Bot Maker Items\Bot\PD-Chaotic\cpp\out\build\x64-Debug (default)\CMakeFiles\CheckIncludeFiles\HAVE_STROPTS_H.c"
C:\Users\User\Desktop\Bot Maker Items\Bot\PD-Chaotic\cpp\out\build\x64-Debug (default)\CMakeFiles\CheckIncludeFiles\HAVE_STROPTS_H.c(22): fatal error C1083: Cannot open include file: 'stropts.h': No such file or directory
ninja: build stopped: subcommand failed.


Source:
/* */
#include <windows.h>
#include <winsock.h>
#include <ws2tcpip.h>
#include <winsock2.h>
#include <stdio.h>
#include <sys/stat.h>
#include <sys/types.h>
#include <sys/utime.h>
#include <assert.h>
#include <errno.h>
#include <fcntl.h>
#include <io.h>
#include <limits.h>
#include <locale.h>
#include <setjmp.h>
#include <signal.h>
#include <stdbool.h>
#include <stdio.h>
#include <stdlib.h>
#include <string.h>
#include <stropts.h>


int main(void){return 0;}

Determining if files windows.h;winsock.h;ws2tcpip.h;winsock2.h;stdio.h;sys/stat.h;sys/types.h;sys/utime.h;assert.h;errno.h;fcntl.h;io.h;limits.h;locale.h;setjmp.h;signal.h;stdbool.h;stdio.h;stdlib.h;string.h;time.h;process.h;stddef.h;malloc.h;memory.h;sys/utsname.h exist failed with the following output:
Change Dir: C:/Users/User/Desktop/Bot Maker Items/Bot/PD-Chaotic/cpp/out/build/x64-Debug (default)/CMakeFiles/CMakeTmp

Run Build Command(s):D:/VS tools/Common7/IDE/CommonExtensions/Microsoft/CMake/Ninja/ninja.exe cmTC_1991a && [1/2] Building C object CMakeFiles\cmTC_1991a.dir\HAVE_SYS_UTSNAME_H.c.obj
FAILED: CMakeFiles/cmTC_1991a.dir/HAVE_SYS_UTSNAME_H.c.obj 
"D:\VS tools\VC\Tools\MSVC\14.26.28801\bin\HostX64\x64\cl.exe"  /nologo   /DWIN32 /D_WINDOWS /W3  /MDd /Zi /Ob0 /Od /RTC1    -D_WINSOCKAPI_= -DSECURITY_WIN32 /showIncludes /FoCMakeFiles\cmTC_1991a.dir\HAVE_SYS_UTSNAME_H.c.obj /FdCMakeFiles\cmTC_1991a.dir\ /FS -c "C:\Users\User\Desktop\Bot Maker Items\Bot\PD-Chaotic\cpp\out\build\x64-Debug (default)\CMakeFiles\CheckIncludeFiles\HAVE_SYS_UTSNAME_H.c"
C:\Users\User\Desktop\Bot Maker Items\Bot\PD-Chaotic\cpp\out\build\x64-Debug (default)\CMakeFiles\CheckIncludeFiles\HAVE_SYS_UTSNAME_H.c(27): fatal error C1083: Cannot open include file: 'sys/utsname.h': No such file or directory
ninja: build stopped: subcommand failed.


Source:
/* */
#include <windows.h>
#include <winsock.h>
#include <ws2tcpip.h>
#include <winsock2.h>
#include <stdio.h>
#include <sys/stat.h>
#include <sys/types.h>
#include <sys/utime.h>
#include <assert.h>
#include <errno.h>
#include <fcntl.h>
#include <io.h>
#include <limits.h>
#include <locale.h>
#include <setjmp.h>
#include <signal.h>
#include <stdbool.h>
#include <stdio.h>
#include <stdlib.h>
#include <string.h>
#include <time.h>
#include <process.h>
#include <stddef.h>
#include <malloc.h>
#include <memory.h>
#include <sys/utsname.h>


int main(void){return 0;}

Determining size of ssize_t failed with the following output:
Change Dir: C:/Users/User/Desktop/Bot Maker Items/Bot/PD-Chaotic/cpp/out/build/x64-Debug (default)/CMakeFiles/CMakeTmp

Run Build Command(s):D:/VS tools/Common7/IDE/CommonExtensions/Microsoft/CMake/Ninja/ninja.exe cmTC_b4856 && [1/2] Building C object CMakeFiles\cmTC_b4856.dir\SIZEOF_SSIZE_T.c.obj
FAILED: CMakeFiles/cmTC_b4856.dir/SIZEOF_SSIZE_T.c.obj 
"D:\VS tools\VC\Tools\MSVC\14.26.28801\bin\HostX64\x64\cl.exe"  /nologo   /DWIN32 /D_WINDOWS /W3  /MDd /Zi /Ob0 /Od /RTC1    -D_WINSOCKAPI_= -DSECURITY_WIN32 /showIncludes /FoCMakeFiles\cmTC_b4856.dir\SIZEOF_SSIZE_T.c.obj /FdCMakeFiles\cmTC_b4856.dir\ /FS -c "C:\Users\User\Desktop\Bot Maker Items\Bot\PD-Chaotic\cpp\out\build\x64-Debug (default)\CMakeFiles\CheckTypeSize\SIZEOF_SSIZE_T.c"
C:\Users\User\Desktop\Bot Maker Items\Bot\PD-Chaotic\cpp\out\build\x64-Debug (default)\CMakeFiles\CheckTypeSize\SIZEOF_SSIZE_T.c(24): error C2065: 'ssize_t': undeclared identifier
C:\Users\User\Desktop\Bot Maker Items\Bot\PD-Chaotic\cpp\out\build\x64-Debug (default)\CMakeFiles\CheckTypeSize\SIZEOF_SSIZE_T.c(25): error C2065: 'ssize_t': undeclared identifier
C:\Users\User\Desktop\Bot Maker Items\Bot\PD-Chaotic\cpp\out\build\x64-Debug (default)\CMakeFiles\CheckTypeSize\SIZEOF_SSIZE_T.c(26): error C2065: 'ssize_t': undeclared identifier
C:\Users\User\Desktop\Bot Maker Items\Bot\PD-Chaotic\cpp\out\build\x64-Debug (default)\CMakeFiles\CheckTypeSize\SIZEOF_SSIZE_T.c(27): error C2065: 'ssize_t': undeclared identifier
C:\Users\User\Desktop\Bot Maker Items\Bot\PD-Chaotic\cpp\out\build\x64-Debug (default)\CMakeFiles\CheckTypeSize\SIZEOF_SSIZE_T.c(28): error C2065: 'ssize_t': undeclared identifier
ninja: build stopped: subcommand failed.


C:/Users/User/Desktop/Bot Maker Items/Bot/PD-Chaotic/cpp/out/build/x64-Debug (default)/CMakeFiles/CheckTypeSize/SIZEOF_SSIZE_T.c:
#include <sys/types.h>
#include <stddef.h>


#undef KEY
#if defined(__i386)
# define KEY '_','_','i','3','8','6'
#elif defined(__x86_64)
# define KEY '_','_','x','8','6','_','6','4'
#elif defined(__ppc__)
# define KEY '_','_','p','p','c','_','_'
#elif defined(__ppc64__)
# define KEY '_','_','p','p','c','6','4','_','_'
#elif defined(__aarch64__)
# define KEY '_','_','a','a','r','c','h','6','4','_','_'
#elif defined(__ARM_ARCH_7A__)
# define KEY '_','_','A','R','M','_','A','R','C','H','_','7','A','_','_'
#elif defined(__ARM_ARCH_7S__)
# define KEY '_','_','A','R','M','_','A','R','C','H','_','7','S','_','_'
#endif

#define SIZE (sizeof(ssize_t))
static char info_size[] =  {'I', 'N', 'F', 'O', ':', 's','i','z','e','[',
  ('0' + ((SIZE / 10000)%10)),
  ('0' + ((SIZE / 1000)%10)),
  ('0' + ((SIZE / 100)%10)),
  ('0' + ((SIZE / 10)%10)),
  ('0' +  (SIZE    % 10)),
  ']',
#ifdef KEY
  ' ','k','e','y','[', KEY, ']',
#endif
  '\0'};

#ifdef __CLASSIC_C__
int main(argc, argv) int argc; char *argv[];
#else
int main(int argc, char *argv[])
#endif
{
  int require = 0;
  require += info_size[argc];
  (void)argv;
  return require;
}


Determining if the basename exist failed with the following output:
Change Dir: C:/Users/User/Desktop/Bot Maker Items/Bot/PD-Chaotic/cpp/out/build/x64-Debug (default)/CMakeFiles/CMakeTmp

Run Build Command(s):D:/VS tools/Common7/IDE/CommonExtensions/Microsoft/CMake/Ninja/ninja.exe cmTC_c5e73 && [1/2] Building C object CMakeFiles\cmTC_c5e73.dir\CheckSymbolExists.c.obj
FAILED: CMakeFiles/cmTC_c5e73.dir/CheckSymbolExists.c.obj 
"D:\VS tools\VC\Tools\MSVC\14.26.28801\bin\HostX64\x64\cl.exe"  /nologo   /DWIN32 /D_WINDOWS /W3  /MDd /Zi /Ob0 /Od /RTC1    -D_WINSOCKAPI_= -DSECURITY_WIN32 /showIncludes /FoCMakeFiles\cmTC_c5e73.dir\CheckSymbolExists.c.obj /FdCMakeFiles\cmTC_c5e73.dir\ /FS -c CheckSymbolExists.c
CheckSymbolExists.c(32): error C2065: 'basename': undeclared identifier
ninja: build stopped: subcommand failed.


File C:/Users/User/Desktop/Bot Maker Items/Bot/PD-Chaotic/cpp/out/build/x64-Debug (default)/CMakeFiles/CMakeTmp/CheckSymbolExists.c:
/* */
#include <windows.h>
#include <winsock.h>
#include <ws2tcpip.h>
#include <winsock2.h>
#include <stdio.h>
#include <sys/stat.h>
#include <sys/types.h>
#include <sys/utime.h>
#include <assert.h>
#include <errno.h>
#include <fcntl.h>
#include <io.h>
#include <limits.h>
#include <locale.h>
#include <setjmp.h>
#include <signal.h>
#include <stdbool.h>
#include <stdio.h>
#include <stdlib.h>
#include <string.h>
#include <time.h>
#include <process.h>
#include <stddef.h>
#include <malloc.h>
#include <memory.h>

int main(int argc, char** argv)
{
  (void)argv;
#ifndef basename
  return ((int*)(&basename))[argc];
#else
  (void)argc;
  return 0;
#endif
}
Determining if the strncmpi exist failed with the following output:
Change Dir: C:/Users/User/Desktop/Bot Maker Items/Bot/PD-Chaotic/cpp/out/build/x64-Debug (default)/CMakeFiles/CMakeTmp

Run Build Command(s):D:/VS tools/Common7/IDE/CommonExtensions/Microsoft/CMake/Ninja/ninja.exe cmTC_28d47 && [1/2] Building C object CMakeFiles\cmTC_28d47.dir\CheckSymbolExists.c.obj
FAILED: CMakeFiles/cmTC_28d47.dir/CheckSymbolExists.c.obj 
"D:\VS tools\VC\Tools\MSVC\14.26.28801\bin\HostX64\x64\cl.exe"  /nologo   /DWIN32 /D_WINDOWS /W3  /MDd /Zi /Ob0 /Od /RTC1    -D_WINSOCKAPI_= -DSECURITY_WIN32 /showIncludes /FoCMakeFiles\cmTC_28d47.dir\CheckSymbolExists.c.obj /FdCMakeFiles\cmTC_28d47.dir\ /FS -c CheckSymbolExists.c
CheckSymbolExists.c(32): error C2065: 'strncmpi': undeclared identifier
ninja: build stopped: subcommand failed.


File C:/Users/User/Desktop/Bot Maker Items/Bot/PD-Chaotic/cpp/out/build/x64-Debug (default)/CMakeFiles/CMakeTmp/CheckSymbolExists.c:
/* */
#include <windows.h>
#include <winsock.h>
#include <ws2tcpip.h>
#include <winsock2.h>
#include <stdio.h>
#include <sys/stat.h>
#include <sys/types.h>
#include <sys/utime.h>
#include <assert.h>
#include <errno.h>
#include <fcntl.h>
#include <io.h>
#include <limits.h>
#include <locale.h>
#include <setjmp.h>
#include <signal.h>
#include <stdbool.h>
#include <stdio.h>
#include <stdlib.h>
#include <string.h>
#include <time.h>
#include <process.h>
#include <stddef.h>
#include <malloc.h>
#include <memory.h>

int main(int argc, char** argv)
{
  (void)argv;
#ifndef strncmpi
  return ((int*)(&strncmpi))[argc];
#else
  (void)argc;
  return 0;
#endif
}
Determining if the alarm exist failed with the following output:
Change Dir: C:/Users/User/Desktop/Bot Maker Items/Bot/PD-Chaotic/cpp/out/build/x64-Debug (default)/CMakeFiles/CMakeTmp

Run Build Command(s):D:/VS tools/Common7/IDE/CommonExtensions/Microsoft/CMake/Ninja/ninja.exe cmTC_38035 && [1/2] Building C object CMakeFiles\cmTC_38035.dir\CheckSymbolExists.c.obj
FAILED: CMakeFiles/cmTC_38035.dir/CheckSymbolExists.c.obj 
"D:\VS tools\VC\Tools\MSVC\14.26.28801\bin\HostX64\x64\cl.exe"  /nologo   /DWIN32 /D_WINDOWS /W3  /MDd /Zi /Ob0 /Od /RTC1    -D_WINSOCKAPI_= -DSECURITY_WIN32 /showIncludes /FoCMakeFiles\cmTC_38035.dir\CheckSymbolExists.c.obj /FdCMakeFiles\cmTC_38035.dir\ /FS -c CheckSymbolExists.c
CheckSymbolExists.c(32): error C2065: 'alarm': undeclared identifier
ninja: build stopped: subcommand failed.


File C:/Users/User/Desktop/Bot Maker Items/Bot/PD-Chaotic/cpp/out/build/x64-Debug (default)/CMakeFiles/CMakeTmp/CheckSymbolExists.c:
/* */
#include <windows.h>
#include <winsock.h>
#include <ws2tcpip.h>
#include <winsock2.h>
#include <stdio.h>
#include <sys/stat.h>
#include <sys/types.h>
#include <sys/utime.h>
#include <assert.h>
#include <errno.h>
#include <fcntl.h>
#include <io.h>
#include <limits.h>
#include <locale.h>
#include <setjmp.h>
#include <signal.h>
#include <stdbool.h>
#include <stdio.h>
#include <stdlib.h>
#include <string.h>
#include <time.h>
#include <process.h>
#include <stddef.h>
#include <malloc.h>
#include <memory.h>

int main(int argc, char** argv)
{
  (void)argv;
#ifndef alarm
  return ((int*)(&alarm))[argc];
#else
  (void)argc;
  return 0;
#endif
}
Determining if the strerror_r exist failed with the following output:
Change Dir: C:/Users/User/Desktop/Bot Maker Items/Bot/PD-Chaotic/cpp/out/build/x64-Debug (default)/CMakeFiles/CMakeTmp

Run Build Command(s):D:/VS tools/Common7/IDE/CommonExtensions/Microsoft/CMake/Ninja/ninja.exe cmTC_ab8e6 && [1/2] Building C object CMakeFiles\cmTC_ab8e6.dir\CheckSymbolExists.c.obj
FAILED: CMakeFiles/cmTC_ab8e6.dir/CheckSymbolExists.c.obj 
"D:\VS tools\VC\Tools\MSVC\14.26.28801\bin\HostX64\x64\cl.exe"  /nologo   /DWIN32 /D_WINDOWS /W3  /MDd /Zi /Ob0 /Od /RTC1    -D_WINSOCKAPI_= -DSECURITY_WIN32 /showIncludes /FoCMakeFiles\cmTC_ab8e6.dir\CheckSymbolExists.c.obj /FdCMakeFiles\cmTC_ab8e6.dir\ /FS -c CheckSymbolExists.c
CheckSymbolExists.c(32): error C2065: 'strerror_r': undeclared identifier
ninja: build stopped: subcommand failed.


File C:/Users/User/Desktop/Bot Maker Items/Bot/PD-Chaotic/cpp/out/build/x64-Debug (default)/CMakeFiles/CMakeTmp/CheckSymbolExists.c:
/* */
#include <windows.h>
#include <winsock.h>
#include <ws2tcpip.h>
#include <winsock2.h>
#include <stdio.h>
#include <sys/stat.h>
#include <sys/types.h>
#include <sys/utime.h>
#include <assert.h>
#include <errno.h>
#include <fcntl.h>
#include <io.h>
#include <limits.h>
#include <locale.h>
#include <setjmp.h>
#include <signal.h>
#include <stdbool.h>
#include <stdio.h>
#include <stdlib.h>
#include <string.h>
#include <time.h>
#include <process.h>
#include <stddef.h>
#include <malloc.h>
#include <memory.h>

int main(int argc, char** argv)
{
  (void)argv;
#ifndef strerror_r
  return ((int*)(&strerror_r))[argc];
#else
  (void)argc;
  return 0;
#endif
}
Determining if the siginterrupt exist failed with the following output:
Change Dir: C:/Users/User/Desktop/Bot Maker Items/Bot/PD-Chaotic/cpp/out/build/x64-Debug (default)/CMakeFiles/CMakeTmp

Run Build Command(s):D:/VS tools/Common7/IDE/CommonExtensions/Microsoft/CMake/Ninja/ninja.exe cmTC_2ceb2 && [1/2] Building C object CMakeFiles\cmTC_2ceb2.dir\CheckSymbolExists.c.obj
FAILED: CMakeFiles/cmTC_2ceb2.dir/CheckSymbolExists.c.obj 
"D:\VS tools\VC\Tools\MSVC\14.26.28801\bin\HostX64\x64\cl.exe"  /nologo   /DWIN32 /D_WINDOWS /W3  /MDd /Zi /Ob0 /Od /RTC1    -D_WINSOCKAPI_= -DSECURITY_WIN32 /showIncludes /FoCMakeFiles\cmTC_2ceb2.dir\CheckSymbolExists.c.obj /FdCMakeFiles\cmTC_2ceb2.dir\ /FS -c CheckSymbolExists.c
CheckSymbolExists.c(32): error C2065: 'siginterrupt': undeclared identifier
ninja: build stopped: subcommand failed.


File C:/Users/User/Desktop/Bot Maker Items/Bot/PD-Chaotic/cpp/out/build/x64-Debug (default)/CMakeFiles/CMakeTmp/CheckSymbolExists.c:
/* */
#include <windows.h>
#include <winsock.h>
#include <ws2tcpip.h>
#include <winsock2.h>
#include <stdio.h>
#include <sys/stat.h>
#include <sys/types.h>
#include <sys/utime.h>
#include <assert.h>
#include <errno.h>
#include <fcntl.h>
#include <io.h>
#include <limits.h>
#include <locale.h>
#include <setjmp.h>
#include <signal.h>
#include <stdbool.h>
#include <stdio.h>
#include <stdlib.h>
#include <string.h>
#include <time.h>
#include <process.h>
#include <stddef.h>
#include <malloc.h>
#include <memory.h>

int main(int argc, char** argv)
{
  (void)argv;
#ifndef siginterrupt
  return ((int*)(&siginterrupt))[argc];
#else
  (void)argc;
  return 0;
#endif
}
Determining if the fork exist failed with the following output:
Change Dir: C:/Users/User/Desktop/Bot Maker Items/Bot/PD-Chaotic/cpp/out/build/x64-Debug (default)/CMakeFiles/CMakeTmp

Run Build Command(s):D:/VS tools/Common7/IDE/CommonExtensions/Microsoft/CMake/Ninja/ninja.exe cmTC_70426 && [1/2] Building C object CMakeFiles\cmTC_70426.dir\CheckSymbolExists.c.obj
FAILED: CMakeFiles/cmTC_70426.dir/CheckSymbolExists.c.obj 
"D:\VS tools\VC\Tools\MSVC\14.26.28801\bin\HostX64\x64\cl.exe"  /nologo   /DWIN32 /D_WINDOWS /W3  /MDd /Zi /Ob0 /Od /RTC1    -D_WINSOCKAPI_= -DSECURITY_WIN32 /showIncludes /FoCMakeFiles\cmTC_70426.dir\CheckSymbolExists.c.obj /FdCMakeFiles\cmTC_70426.dir\ /FS -c CheckSymbolExists.c
CheckSymbolExists.c(32): error C2065: 'fork': undeclared identifier
ninja: build stopped: subcommand failed.


File C:/Users/User/Desktop/Bot Maker Items/Bot/PD-Chaotic/cpp/out/build/x64-Debug (default)/CMakeFiles/CMakeTmp/CheckSymbolExists.c:
/* */
#include <windows.h>
#include <winsock.h>
#include <ws2tcpip.h>
#include <winsock2.h>
#include <stdio.h>
#include <sys/stat.h>
#include <sys/types.h>
#include <sys/utime.h>
#include <assert.h>
#include <errno.h>
#include <fcntl.h>
#include <io.h>
#include <limits.h>
#include <locale.h>
#include <setjmp.h>
#include <signal.h>
#include <stdbool.h>
#include <stdio.h>
#include <stdlib.h>
#include <string.h>
#include <time.h>
#include <process.h>
#include <stddef.h>
#include <malloc.h>
#include <memory.h>

int main(int argc, char** argv)
{
  (void)argv;
#ifndef fork
  return ((int*)(&fork))[argc];
#else
  (void)argc;
  return 0;
#endif
}
Determining if the freeifaddrs exist failed with the following output:
Change Dir: C:/Users/User/Desktop/Bot Maker Items/Bot/PD-Chaotic/cpp/out/build/x64-Debug (default)/CMakeFiles/CMakeTmp

Run Build Command(s):D:/VS tools/Common7/IDE/CommonExtensions/Microsoft/CMake/Ninja/ninja.exe cmTC_48e16 && [1/2] Building C object CMakeFiles\cmTC_48e16.dir\CheckSymbolExists.c.obj
FAILED: CMakeFiles/cmTC_48e16.dir/CheckSymbolExists.c.obj 
"D:\VS tools\VC\Tools\MSVC\14.26.28801\bin\HostX64\x64\cl.exe"  /nologo   /DWIN32 /D_WINDOWS /W3  /MDd /Zi /Ob0 /Od /RTC1    -D_WINSOCKAPI_= -DSECURITY_WIN32 /showIncludes /FoCMakeFiles\cmTC_48e16.dir\CheckSymbolExists.c.obj /FdCMakeFiles\cmTC_48e16.dir\ /FS -c CheckSymbolExists.c
CheckSymbolExists.c(32): error C2065: 'freeifaddrs': undeclared identifier
ninja: build stopped: subcommand failed.


File C:/Users/User/Desktop/Bot Maker Items/Bot/PD-Chaotic/cpp/out/build/x64-Debug (default)/CMakeFiles/CMakeTmp/CheckSymbolExists.c:
/* */
#include <windows.h>
#include <winsock.h>
#include <ws2tcpip.h>
#include <winsock2.h>
#include <stdio.h>
#include <sys/stat.h>
#include <sys/types.h>
#include <sys/utime.h>
#include <assert.h>
#include <errno.h>
#include <fcntl.h>
#include <io.h>
#include <limits.h>
#include <locale.h>
#include <setjmp.h>
#include <signal.h>
#include <stdbool.h>
#include <stdio.h>
#include <stdlib.h>
#include <string.h>
#include <time.h>
#include <process.h>
#include <stddef.h>
#include <malloc.h>
#include <memory.h>

int main(int argc, char** argv)
{
  (void)argv;
#ifndef freeifaddrs
  return ((int*)(&freeifaddrs))[argc];
#else
  (void)argc;
  return 0;
#endif
}
Determining if the pipe exist failed with the following output:
Change Dir: C:/Users/User/Desktop/Bot Maker Items/Bot/PD-Chaotic/cpp/out/build/x64-Debug (default)/CMakeFiles/CMakeTmp

Run Build Command(s):D:/VS tools/Common7/IDE/CommonExtensions/Microsoft/CMake/Ninja/ninja.exe cmTC_1dc35 && [1/2] Building C object CMakeFiles\cmTC_1dc35.dir\CheckSymbolExists.c.obj
FAILED: CMakeFiles/cmTC_1dc35.dir/CheckSymbolExists.c.obj 
"D:\VS tools\VC\Tools\MSVC\14.26.28801\bin\HostX64\x64\cl.exe"  /nologo   /DWIN32 /D_WINDOWS /W3  /MDd /Zi /Ob0 /Od /RTC1    -D_WINSOCKAPI_= -DSECURITY_WIN32 /showIncludes /FoCMakeFiles\cmTC_1dc35.dir\CheckSymbolExists.c.obj /FdCMakeFiles\cmTC_1dc35.dir\ /FS -c CheckSymbolExists.c
CheckSymbolExists.c(32): error C2065: 'pipe': undeclared identifier
ninja: build stopped: subcommand failed.


File C:/Users/User/Desktop/Bot Maker Items/Bot/PD-Chaotic/cpp/out/build/x64-Debug (default)/CMakeFiles/CMakeTmp/CheckSymbolExists.c:
/* */
#include <windows.h>
#include <winsock.h>
#include <ws2tcpip.h>
#include <winsock2.h>
#include <stdio.h>
#include <sys/stat.h>
#include <sys/types.h>
#include <sys/utime.h>
#include <assert.h>
#include <errno.h>
#include <fcntl.h>
#include <io.h>
#include <limits.h>
#include <locale.h>
#include <setjmp.h>
#include <signal.h>
#include <stdbool.h>
#include <stdio.h>
#include <stdlib.h>
#include <string.h>
#include <time.h>
#include <process.h>
#include <stddef.h>
#include <malloc.h>
#include <memory.h>

int main(int argc, char** argv)
{
  (void)argv;
#ifndef pipe
  return ((int*)(&pipe))[argc];
#else
  (void)argc;
  return 0;
#endif
}
Determining if the ftruncate exist failed with the following output:
Change Dir: C:/Users/User/Desktop/Bot Maker Items/Bot/PD-Chaotic/cpp/out/build/x64-Debug (default)/CMakeFiles/CMakeTmp

Run Build Command(s):D:/VS tools/Common7/IDE/CommonExtensions/Microsoft/CMake/Ninja/ninja.exe cmTC_551cd && [1/2] Building C object CMakeFiles\cmTC_551cd.dir\CheckSymbolExists.c.obj
FAILED: CMakeFiles/cmTC_551cd.dir/CheckSymbolExists.c.obj 
"D:\VS tools\VC\Tools\MSVC\14.26.28801\bin\HostX64\x64\cl.exe"  /nologo   /DWIN32 /D_WINDOWS /W3  /MDd /Zi /Ob0 /Od /RTC1    -D_WINSOCKAPI_= -DSECURITY_WIN32 /showIncludes /FoCMakeFiles\cmTC_551cd.dir\CheckSymbolExists.c.obj /FdCMakeFiles\cmTC_551cd.dir\ /FS -c CheckSymbolExists.c
CheckSymbolExists.c(32): error C2065: 'ftruncate': undeclared identifier
ninja: build stopped: subcommand failed.


File C:/Users/User/Desktop/Bot Maker Items/Bot/PD-Chaotic/cpp/out/build/x64-Debug (default)/CMakeFiles/CMakeTmp/CheckSymbolExists.c:
/* */
#include <windows.h>
#include <winsock.h>
#include <ws2tcpip.h>
#include <winsock2.h>
#include <stdio.h>
#include <sys/stat.h>
#include <sys/types.h>
#include <sys/utime.h>
#include <assert.h>
#include <errno.h>
#include <fcntl.h>
#include <io.h>
#include <limits.h>
#include <locale.h>
#include <setjmp.h>
#include <signal.h>
#include <stdbool.h>
#include <stdio.h>
#include <stdlib.h>
#include <string.h>
#include <time.h>
#include <process.h>
#include <stddef.h>
#include <malloc.h>
#include <memory.h>

int main(int argc, char** argv)
{
  (void)argv;
#ifndef ftruncate
  return ((int*)(&ftruncate))[argc];
#else
  (void)argc;
  return 0;
#endif
}
Determining if the getrlimit exist failed with the following output:
Change Dir: C:/Users/User/Desktop/Bot Maker Items/Bot/PD-Chaotic/cpp/out/build/x64-Debug (default)/CMakeFiles/CMakeTmp

Run Build Command(s):D:/VS tools/Common7/IDE/CommonExtensions/Microsoft/CMake/Ninja/ninja.exe cmTC_a7b8f && [1/2] Building C object CMakeFiles\cmTC_a7b8f.dir\CheckSymbolExists.c.obj
FAILED: CMakeFiles/cmTC_a7b8f.dir/CheckSymbolExists.c.obj 
"D:\VS tools\VC\Tools\MSVC\14.26.28801\bin\HostX64\x64\cl.exe"  /nologo   /DWIN32 /D_WINDOWS /W3  /MDd /Zi /Ob0 /Od /RTC1    -D_WINSOCKAPI_= -DSECURITY_WIN32 /showIncludes /FoCMakeFiles\cmTC_a7b8f.dir\CheckSymbolExists.c.obj /FdCMakeFiles\cmTC_a7b8f.dir\ /FS -c CheckSymbolExists.c
CheckSymbolExists.c(32): error C2065: 'getrlimit': undeclared identifier
ninja: build stopped: subcommand failed.


File C:/Users/User/Desktop/Bot Maker Items/Bot/PD-Chaotic/cpp/out/build/x64-Debug (default)/CMakeFiles/CMakeTmp/CheckSymbolExists.c:
/* */
#include <windows.h>
#include <winsock.h>
#include <ws2tcpip.h>
#include <winsock2.h>
#include <stdio.h>
#include <sys/stat.h>
#include <sys/types.h>
#include <sys/utime.h>
#include <assert.h>
#include <errno.h>
#include <fcntl.h>
#include <io.h>
#include <limits.h>
#include <locale.h>
#include <setjmp.h>
#include <signal.h>
#include <stdbool.h>
#include <stdio.h>
#include <stdlib.h>
#include <string.h>
#include <time.h>
#include <process.h>
#include <stddef.h>
#include <malloc.h>
#include <memory.h>

int main(int argc, char** argv)
{
  (void)argv;
#ifndef getrlimit
  return ((int*)(&getrlimit))[argc];
#else
  (void)argc;
  return 0;
#endif
}
Determining if the setrlimit exist failed with the following output:
Change Dir: C:/Users/User/Desktop/Bot Maker Items/Bot/PD-Chaotic/cpp/out/build/x64-Debug (default)/CMakeFiles/CMakeTmp

Run Build Command(s):D:/VS tools/Common7/IDE/CommonExtensions/Microsoft/CMake/Ninja/ninja.exe cmTC_b0703 && [1/2] Building C object CMakeFiles\cmTC_b0703.dir\CheckSymbolExists.c.obj
FAILED: CMakeFiles/cmTC_b0703.dir/CheckSymbolExists.c.obj 
"D:\VS tools\VC\Tools\MSVC\14.26.28801\bin\HostX64\x64\cl.exe"  /nologo   /DWIN32 /D_WINDOWS /W3  /MDd /Zi /Ob0 /Od /RTC1    -D_WINSOCKAPI_= -DSECURITY_WIN32 /showIncludes /FoCMakeFiles\cmTC_b0703.dir\CheckSymbolExists.c.obj /FdCMakeFiles\cmTC_b0703.dir\ /FS -c CheckSymbolExists.c
CheckSymbolExists.c(32): error C2065: 'setrlimit': undeclared identifier
ninja: build stopped: subcommand failed.


File C:/Users/User/Desktop/Bot Maker Items/Bot/PD-Chaotic/cpp/out/build/x64-Debug (default)/CMakeFiles/CMakeTmp/CheckSymbolExists.c:
/* */
#include <windows.h>
#include <winsock.h>
#include <ws2tcpip.h>
#include <winsock2.h>
#include <stdio.h>
#include <sys/stat.h>
#include <sys/types.h>
#include <sys/utime.h>
#include <assert.h>
#include <errno.h>
#include <fcntl.h>
#include <io.h>
#include <limits.h>
#include <locale.h>
#include <setjmp.h>
#include <signal.h>
#include <stdbool.h>
#include <stdio.h>
#include <stdlib.h>
#include <string.h>
#include <time.h>
#include <process.h>
#include <stddef.h>
#include <malloc.h>
#include <memory.h>

int main(int argc, char** argv)
{
  (void)argv;
#ifndef setrlimit
  return ((int*)(&setrlimit))[argc];
#else
  (void)argc;
  return 0;
#endif
}
Determining if the fcntl exist failed with the following output:
Change Dir: C:/Users/User/Desktop/Bot Maker Items/Bot/PD-Chaotic/cpp/out/build/x64-Debug (default)/CMakeFiles/CMakeTmp

Run Build Command(s):D:/VS tools/Common7/IDE/CommonExtensions/Microsoft/CMake/Ninja/ninja.exe cmTC_64624 && [1/2] Building C object CMakeFiles\cmTC_64624.dir\CheckSymbolExists.c.obj
FAILED: CMakeFiles/cmTC_64624.dir/CheckSymbolExists.c.obj 
"D:\VS tools\VC\Tools\MSVC\14.26.28801\bin\HostX64\x64\cl.exe"  /nologo   /DWIN32 /D_WINDOWS /W3  /MDd /Zi /Ob0 /Od /RTC1    -D_WINSOCKAPI_= -DSECURITY_WIN32 /showIncludes /FoCMakeFiles\cmTC_64624.dir\CheckSymbolExists.c.obj /FdCMakeFiles\cmTC_64624.dir\ /FS -c CheckSymbolExists.c
CheckSymbolExists.c(32): error C2065: 'fcntl': undeclared identifier
ninja: build stopped: subcommand failed.


File C:/Users/User/Desktop/Bot Maker Items/Bot/PD-Chaotic/cpp/out/build/x64-Debug (default)/CMakeFiles/CMakeTmp/CheckSymbolExists.c:
/* */
#include <windows.h>
#include <winsock.h>
#include <ws2tcpip.h>
#include <winsock2.h>
#include <stdio.h>
#include <sys/stat.h>
#include <sys/types.h>
#include <sys/utime.h>
#include <assert.h>
#include <errno.h>
#include <fcntl.h>
#include <io.h>
#include <limits.h>
#include <locale.h>
#include <setjmp.h>
#include <signal.h>
#include <stdbool.h>
#include <stdio.h>
#include <stdlib.h>
#include <string.h>
#include <time.h>
#include <process.h>
#include <stddef.h>
#include <malloc.h>
#include <memory.h>

int main(int argc, char** argv)
{
  (void)argv;
#ifndef fcntl
  return ((int*)(&fcntl))[argc];
#else
  (void)argc;
  return 0;
#endif
}
Determining if the ioctl exist failed with the following output:
Change Dir: C:/Users/User/Desktop/Bot Maker Items/Bot/PD-Chaotic/cpp/out/build/x64-Debug (default)/CMakeFiles/CMakeTmp

Run Build Command(s):D:/VS tools/Common7/IDE/CommonExtensions/Microsoft/CMake/Ninja/ninja.exe cmTC_da330 && [1/2] Building C object CMakeFiles\cmTC_da330.dir\CheckSymbolExists.c.obj
FAILED: CMakeFiles/cmTC_da330.dir/CheckSymbolExists.c.obj 
"D:\VS tools\VC\Tools\MSVC\14.26.28801\bin\HostX64\x64\cl.exe"  /nologo   /DWIN32 /D_WINDOWS /W3  /MDd /Zi /Ob0 /Od /RTC1    -D_WINSOCKAPI_= -DSECURITY_WIN32 /showIncludes /FoCMakeFiles\cmTC_da330.dir\CheckSymbolExists.c.obj /FdCMakeFiles\cmTC_da330.dir\ /FS -c CheckSymbolExists.c
CheckSymbolExists.c(32): error C2065: 'ioctl': undeclared identifier
ninja: build stopped: subcommand failed.


File C:/Users/User/Desktop/Bot Maker Items/Bot/PD-Chaotic/cpp/out/build/x64-Debug (default)/CMakeFiles/CMakeTmp/CheckSymbolExists.c:
/* */
#include <windows.h>
#include <winsock.h>
#include <ws2tcpip.h>
#include <winsock2.h>
#include <stdio.h>
#include <sys/stat.h>
#include <sys/types.h>
#include <sys/utime.h>
#include <assert.h>
#include <errno.h>
#include <fcntl.h>
#include <io.h>
#include <limits.h>
#include <locale.h>
#include <setjmp.h>
#include <signal.h>
#include <stdbool.h>
#include <stdio.h>
#include <stdlib.h>
#include <string.h>
#include <time.h>
#include <process.h>
#include <stddef.h>
#include <malloc.h>
#include <memory.h>

int main(int argc, char** argv)
{
  (void)argv;
#ifndef ioctl
  return ((int*)(&ioctl))[argc];
#else
  (void)argc;
  return 0;
#endif
}
Determining if the fsetxattr exist failed with the following output:
Change Dir: C:/Users/User/Desktop/Bot Maker Items/Bot/PD-Chaotic/cpp/out/build/x64-Debug (default)/CMakeFiles/CMakeTmp

Run Build Command(s):D:/VS tools/Common7/IDE/CommonExtensions/Microsoft/CMake/Ninja/ninja.exe cmTC_10a18 && [1/2] Building C object CMakeFiles\cmTC_10a18.dir\CheckSymbolExists.c.obj
FAILED: CMakeFiles/cmTC_10a18.dir/CheckSymbolExists.c.obj 
"D:\VS tools\VC\Tools\MSVC\14.26.28801\bin\HostX64\x64\cl.exe"  /nologo   /DWIN32 /D_WINDOWS /W3  /MDd /Zi /Ob0 /Od /RTC1    -D_WINSOCKAPI_= -DSECURITY_WIN32 /showIncludes /FoCMakeFiles\cmTC_10a18.dir\CheckSymbolExists.c.obj /FdCMakeFiles\cmTC_10a18.dir\ /FS -c CheckSymbolExists.c
CheckSymbolExists.c(32): error C2065: 'fsetxattr': undeclared identifier
ninja: build stopped: subcommand failed.


File C:/Users/User/Desktop/Bot Maker Items/Bot/PD-Chaotic/cpp/out/build/x64-Debug (default)/CMakeFiles/CMakeTmp/CheckSymbolExists.c:
/* */
#include <windows.h>
#include <winsock.h>
#include <ws2tcpip.h>
#include <winsock2.h>
#include <stdio.h>
#include <sys/stat.h>
#include <sys/types.h>
#include <sys/utime.h>
#include <assert.h>
#include <errno.h>
#include <fcntl.h>
#include <io.h>
#include <limits.h>
#include <locale.h>
#include <setjmp.h>
#include <signal.h>
#include <stdbool.h>
#include <stdio.h>
#include <stdlib.h>
#include <string.h>
#include <time.h>
#include <process.h>
#include <stddef.h>
#include <malloc.h>
#include <memory.h>

int main(int argc, char** argv)
{
  (void)argv;
#ifndef fsetxattr
  return ((int*)(&fsetxattr))[argc];
#else
  (void)argc;
  return 0;
#endif
}
Performing Curl Test HAVE_FCNTL_O_NONBLOCK failed with the following output:
Change Dir: C:/Users/User/Desktop/Bot Maker Items/Bot/PD-Chaotic/cpp/out/build/x64-Debug (default)/CMakeFiles/CMakeTmp

Run Build Command(s):D:/VS tools/Common7/IDE/CommonExtensions/Microsoft/CMake/Ninja/ninja.exe cmTC_9c36a && [1/2] Building C object CMakeFiles\cmTC_9c36a.dir\CurlTests.c.obj
FAILED: CMakeFiles/cmTC_9c36a.dir/CurlTests.c.obj 
"D:\VS tools\VC\Tools\MSVC\14.26.28801\bin\HostX64\x64\cl.exe"  /nologo   /DWIN32 /D_WINDOWS /W3 -DHAVE_FCNTL_O_NONBLOCK  -DHAVE_WINDOWS_H -DHAVE_WINSOCK_H -DHAVE_WS2TCPIP_H -DHAVE_WINSOCK2_H -DHAVE_STDIO_H -DHAVE_SYS_STAT_H -DHAVE_SYS_TYPES_H -DHAVE_SYS_UTIME_H -DHAVE_ASSERT_H -DHAVE_ERRNO_H -DHAVE_FCNTL_H -DHAVE_IO_H -DHAVE_LIMITS_H -DHAVE_LOCALE_H -DHAVE_SETJMP_H -DHAVE_SIGNAL_H -DHAVE_STDBOOL_H -DHAVE_STDIO_H -DHAVE_STDLIB_H -DHAVE_STRING_H -DHAVE_TIME_H -DHAVE_PROCESS_H -DHAVE_STDDEF_H -DHAVE_MALLOC_H -DHAVE_MEMORY_H /MDd /Zi /Ob0 /Od /RTC1 /showIncludes /FoCMakeFiles\cmTC_9c36a.dir\CurlTests.c.obj /FdCMakeFiles\cmTC_9c36a.dir\ /FS -c "C:\Users\User\Desktop\Bot Maker Items\Bot\PD-Chaotic\cpp\lib\sleepy-discord\deps\cpr\opt\curl\CMake\CurlTests.c"
C:\Users\User\Desktop\Bot Maker Items\Bot\PD-Chaotic\cpp\lib\sleepy-discord\deps\cpr\opt\curl\CMake\CurlTests.c(44): fatal error C1083: Cannot open include file: 'unistd.h': No such file or directory
ninja: build stopped: subcommand failed.


Performing Curl Test HAVE_IOCTLSOCKET_CAMEL failed with the following output:
Change Dir: C:/Users/User/Desktop/Bot Maker Items/Bot/PD-Chaotic/cpp/out/build/x64-Debug (default)/CMakeFiles/CMakeTmp

Run Build Command(s):D:/VS tools/Common7/IDE/CommonExtensions/Microsoft/CMake/Ninja/ninja.exe cmTC_fc985 && [1/2] Building C object CMakeFiles\cmTC_fc985.dir\CurlTests.c.obj
C:\Users\User\Desktop\Bot Maker Items\Bot\PD-Chaotic\cpp\lib\sleepy-discord\deps\cpr\opt\curl\CMake\CurlTests.c(350): warning C4013: 'IoctlSocket' undefined; assuming extern returning int
[2/2] Linking C executable cmTC_fc985.exe
FAILED: cmTC_fc985.exe 
cmd.exe /C "cd . && "D:\VS tools\Common7\IDE\CommonExtensions\Microsoft\CMake\CMake\bin\cmake.exe" -E vs_link_exe --intdir=CMakeFiles\cmTC_fc985.dir --rc=C:\PROGRA~2\WI3CF2~1\10\bin\100183~1.0\x64\rc.exe --mt=C:\PROGRA~2\WI3CF2~1\10\bin\100183~1.0\x64\mt.exe --manifests  -- "D:\VS tools\VC\Tools\MSVC\14.26.28801\bin\Hostx64\x64\link.exe" /nologo CMakeFiles\cmTC_fc985.dir\CurlTests.c.obj  /out:cmTC_fc985.exe /implib:cmTC_fc985.lib /pdb:cmTC_fc985.pdb /version:0.0  /machine:x64  /debug /INCREMENTAL /subsystem:console  ws2_32.lib  kernel32.lib user32.lib gdi32.lib winspool.lib shell32.lib ole32.lib oleaut32.lib uuid.lib comdlg32.lib advapi32.lib && cd ."
LINK Pass 1: command "D:\VS tools\VC\Tools\MSVC\14.26.28801\bin\Hostx64\x64\link.exe /nologo CMakeFiles\cmTC_fc985.dir\CurlTests.c.obj /out:cmTC_fc985.exe /implib:cmTC_fc985.lib /pdb:cmTC_fc985.pdb /version:0.0 /machine:x64 /debug /INCREMENTAL /subsystem:console ws2_32.lib kernel32.lib user32.lib gdi32.lib winspool.lib shell32.lib ole32.lib oleaut32.lib uuid.lib comdlg32.lib advapi32.lib /MANIFEST /MANIFESTFILE:CMakeFiles\cmTC_fc985.dir/intermediate.manifest CMakeFiles\cmTC_fc985.dir/manifest.res" failed (exit code 1120) with the following output:
CurlTests.c.obj : error LNK2019: unresolved external symbol IoctlSocket referenced in function main
cmTC_fc985.exe : fatal error LNK1120: 1 unresolved externals
ninja: build stopped: subcommand failed.


Performing Curl Test HAVE_IOCTL_FIONBIO failed with the following output:
Change Dir: C:/Users/User/Desktop/Bot Maker Items/Bot/PD-Chaotic/cpp/out/build/x64-Debug (default)/CMakeFiles/CMakeTmp

Run Build Command(s):D:/VS tools/Common7/IDE/CommonExtensions/Microsoft/CMake/Ninja/ninja.exe cmTC_50e8a && [1/2] Building C object CMakeFiles\cmTC_50e8a.dir\CurlTests.c.obj
FAILED: CMakeFiles/cmTC_50e8a.dir/CurlTests.c.obj 
"D:\VS tools\VC\Tools\MSVC\14.26.28801\bin\HostX64\x64\cl.exe"  /nologo   /DWIN32 /D_WINDOWS /W3 -DHAVE_IOCTL_FIONBIO  -DHAVE_WINDOWS_H -DHAVE_WINSOCK_H -DHAVE_WS2TCPIP_H -DHAVE_WINSOCK2_H -DHAVE_STDIO_H -DHAVE_SYS_STAT_H -DHAVE_SYS_TYPES_H -DHAVE_SYS_UTIME_H -DHAVE_ASSERT_H -DHAVE_ERRNO_H -DHAVE_FCNTL_H -DHAVE_IO_H -DHAVE_LIMITS_H -DHAVE_LOCALE_H -DHAVE_SETJMP_H -DHAVE_SIGNAL_H -DHAVE_STDBOOL_H -DHAVE_STDIO_H -DHAVE_STDLIB_H -DHAVE_STRING_H -DHAVE_TIME_H -DHAVE_PROCESS_H -DHAVE_STDDEF_H -DHAVE_MALLOC_H -DHAVE_MEMORY_H /MDd /Zi /Ob0 /Od /RTC1 /showIncludes /FoCMakeFiles\cmTC_50e8a.dir\CurlTests.c.obj /FdCMakeFiles\cmTC_50e8a.dir\ /FS -c "C:\Users\User\Desktop\Bot Maker Items\Bot\PD-Chaotic\cpp\lib\sleepy-discord\deps\cpr\opt\curl\CMake\CurlTests.c"
C:\Users\User\Desktop\Bot Maker Items\Bot\PD-Chaotic\cpp\lib\sleepy-discord\deps\cpr\opt\curl\CMake\CurlTests.c(436): warning C4013: 'ioctl' undefined; assuming extern returning int
C:\Users\User\Desktop\Bot Maker Items\Bot\PD-Chaotic\cpp\lib\sleepy-discord\deps\cpr\opt\curl\CMake\CurlTests.c(436): error C2065: 'FIONBIO': undeclared identifier
ninja: build stopped: subcommand failed.


Performing Curl Test HAVE_IOCTL_SIOCGIFADDR failed with the following output:
Change Dir: C:/Users/User/Desktop/Bot Maker Items/Bot/PD-Chaotic/cpp/out/build/x64-Debug (default)/CMakeFiles/CMakeTmp

Run Build Command(s):D:/VS tools/Common7/IDE/CommonExtensions/Microsoft/CMake/Ninja/ninja.exe cmTC_e7d16 && [1/2] Building C object CMakeFiles\cmTC_e7d16.dir\CurlTests.c.obj
FAILED: CMakeFiles/cmTC_e7d16.dir/CurlTests.c.obj 
"D:\VS tools\VC\Tools\MSVC\14.26.28801\bin\HostX64\x64\cl.exe"  /nologo   /DWIN32 /D_WINDOWS /W3 -DHAVE_IOCTL_SIOCGIFADDR  -DHAVE_WINDOWS_H -DHAVE_WINSOCK_H -DHAVE_WS2TCPIP_H -DHAVE_WINSOCK2_H -DHAVE_STDIO_H -DHAVE_SYS_STAT_H -DHAVE_SYS_TYPES_H -DHAVE_SYS_UTIME_H -DHAVE_ASSERT_H -DHAVE_ERRNO_H -DHAVE_FCNTL_H -DHAVE_IO_H -DHAVE_LIMITS_H -DHAVE_LOCALE_H -DHAVE_SETJMP_H -DHAVE_SIGNAL_H -DHAVE_STDBOOL_H -DHAVE_STDIO_H -DHAVE_STDLIB_H -DHAVE_STRING_H -DHAVE_TIME_H -DHAVE_PROCESS_H -DHAVE_STDDEF_H -DHAVE_MALLOC_H -DHAVE_MEMORY_H /MDd /Zi /Ob0 /Od /RTC1 /showIncludes /FoCMakeFiles\cmTC_e7d16.dir\CurlTests.c.obj /FdCMakeFiles\cmTC_e7d16.dir\ /FS -c "C:\Users\User\Desktop\Bot Maker Items\Bot\PD-Chaotic\cpp\lib\sleepy-discord\deps\cpr\opt\curl\CMake\CurlTests.c"
C:\Users\User\Desktop\Bot Maker Items\Bot\PD-Chaotic\cpp\lib\sleepy-discord\deps\cpr\opt\curl\CMake\CurlTests.c(461): fatal error C1083: Cannot open include file: 'net/if.h': No such file or directory
ninja: build stopped: subcommand failed.


Performing Curl Test HAVE_SETSOCKOPT_SO_NONBLOCK failed with the following output:
Change Dir: C:/Users/User/Desktop/Bot Maker Items/Bot/PD-Chaotic/cpp/out/build/x64-Debug (default)/CMakeFiles/CMakeTmp

Run Build Command(s):D:/VS tools/Common7/IDE/CommonExtensions/Microsoft/CMake/Ninja/ninja.exe cmTC_0baaa && [1/2] Building C object CMakeFiles\cmTC_0baaa.dir\CurlTests.c.obj
FAILED: CMakeFiles/cmTC_0baaa.dir/CurlTests.c.obj 
"D:\VS tools\VC\Tools\MSVC\14.26.28801\bin\HostX64\x64\cl.exe"  /nologo   /DWIN32 /D_WINDOWS /W3 -DHAVE_SETSOCKOPT_SO_NONBLOCK  -DHAVE_WINDOWS_H -DHAVE_WINSOCK_H -DHAVE_WS2TCPIP_H -DHAVE_WINSOCK2_H -DHAVE_STDIO_H -DHAVE_SYS_STAT_H -DHAVE_SYS_TYPES_H -DHAVE_SYS_UTIME_H -DHAVE_ASSERT_H -DHAVE_ERRNO_H -DHAVE_FCNTL_H -DHAVE_IO_H -DHAVE_LIMITS_H -DHAVE_LOCALE_H -DHAVE_SETJMP_H -DHAVE_SIGNAL_H -DHAVE_STDBOOL_H -DHAVE_STDIO_H -DHAVE_STDLIB_H -DHAVE_STRING_H -DHAVE_TIME_H -DHAVE_PROCESS_H -DHAVE_STDDEF_H -DHAVE_MALLOC_H -DHAVE_MEMORY_H /MDd /Zi /Ob0 /Od /RTC1 /showIncludes /FoCMakeFiles\cmTC_0baaa.dir\CurlTests.c.obj /FdCMakeFiles\cmTC_0baaa.dir\ /FS -c "C:\Users\User\Desktop\Bot Maker Items\Bot\PD-Chaotic\cpp\lib\sleepy-discord\deps\cpr\opt\curl\CMake\CurlTests.c"
C:\Users\User\Desktop\Bot Maker Items\Bot\PD-Chaotic\cpp\lib\sleepy-discord\deps\cpr\opt\curl\CMake\CurlTests.c(501): error C2065: 'SO_NONBLOCK': undeclared identifier
ninja: build stopped: subcommand failed.


Performing Curl Test HAVE_SOCKADDR_IN6_SIN6_SCOPE_ID failed with the following output:
Change Dir: C:/Users/User/Desktop/Bot Maker Items/Bot/PD-Chaotic/cpp/out/build/x64-Debug (default)/CMakeFiles/CMakeTmp

Run Build Command(s):D:/VS tools/Common7/IDE/CommonExtensions/Microsoft/CMake/Ninja/ninja.exe cmTC_68ebe && [1/2] Building C object CMakeFiles\cmTC_68ebe.dir\CurlTests.c.obj
[2/2] Linking C executable cmTC_68ebe.exe
FAILED: cmTC_68ebe.exe 
cmd.exe /C "cd . && "D:\VS tools\Common7\IDE\CommonExtensions\Microsoft\CMake\CMake\bin\cmake.exe" -E vs_link_exe --intdir=CMakeFiles\cmTC_68ebe.dir --rc=C:\PROGRA~2\WI3CF2~1\10\bin\100183~1.0\x64\rc.exe --mt=C:\PROGRA~2\WI3CF2~1\10\bin\100183~1.0\x64\mt.exe --manifests  -- "D:\VS tools\VC\Tools\MSVC\14.26.28801\bin\Hostx64\x64\link.exe" /nologo CMakeFiles\cmTC_68ebe.dir\CurlTests.c.obj  /out:cmTC_68ebe.exe /implib:cmTC_68ebe.lib /pdb:cmTC_68ebe.pdb /version:0.0  /machine:x64  /debug /INCREMENTAL /subsystem:console  ws2_32.lib  kernel32.lib user32.lib gdi32.lib winspool.lib shell32.lib ole32.lib oleaut32.lib uuid.lib comdlg32.lib advapi32.lib && cd ."
LINK Pass 1: command "D:\VS tools\VC\Tools\MSVC\14.26.28801\bin\Hostx64\x64\link.exe /nologo CMakeFiles\cmTC_68ebe.dir\CurlTests.c.obj /out:cmTC_68ebe.exe /implib:cmTC_68ebe.lib /pdb:cmTC_68ebe.pdb /version:0.0 /machine:x64 /debug /INCREMENTAL /subsystem:console ws2_32.lib kernel32.lib user32.lib gdi32.lib winspool.lib shell32.lib ole32.lib oleaut32.lib uuid.lib comdlg32.lib advapi32.lib /MANIFEST /MANIFESTFILE:CMakeFiles\cmTC_68ebe.dir/intermediate.manifest CMakeFiles\cmTC_68ebe.dir/manifest.res" failed (exit code 1120) with the following output:
MSVCRTD.lib(exe_main.obj) : error LNK2019: unresolved external symbol main referenced in function "int __cdecl invoke_main(void)" (?invoke_main@@YAHXZ)
cmTC_68ebe.exe : fatal error LNK1120: 1 unresolved externals
ninja: build stopped: subcommand failed.


Performing Curl Test HAVE_FILE_OFFSET_BITS failed with the following output:
Change Dir: C:/Users/User/Desktop/Bot Maker Items/Bot/PD-Chaotic/cpp/out/build/x64-Debug (default)/CMakeFiles/CMakeTmp

Run Build Command(s):D:/VS tools/Common7/IDE/CommonExtensions/Microsoft/CMake/Ninja/ninja.exe cmTC_6b678 && [1/2] Building C object CMakeFiles\cmTC_6b678.dir\CurlTests.c.obj
FAILED: CMakeFiles/cmTC_6b678.dir/CurlTests.c.obj 
"D:\VS tools\VC\Tools\MSVC\14.26.28801\bin\HostX64\x64\cl.exe"  /nologo   /DWIN32 /D_WINDOWS /W3 -DHAVE_FILE_OFFSET_BITS  -DHAVE_WINDOWS_H -DHAVE_WINSOCK_H -DHAVE_WS2TCPIP_H -DHAVE_WINSOCK2_H -DHAVE_STDIO_H -DHAVE_SYS_STAT_H -DHAVE_SYS_TYPES_H -DHAVE_SYS_UTIME_H -DHAVE_ASSERT_H -DHAVE_ERRNO_H -DHAVE_FCNTL_H -DHAVE_IO_H -DHAVE_LIMITS_H -DHAVE_LOCALE_H -DHAVE_SETJMP_H -DHAVE_SIGNAL_H -DHAVE_STDBOOL_H -DHAVE_STDIO_H -DHAVE_STDLIB_H -DHAVE_STRING_H -DHAVE_TIME_H -DHAVE_PROCESS_H -DHAVE_STDDEF_H -DHAVE_MALLOC_H -DHAVE_MEMORY_H /MDd /Zi /Ob0 /Od /RTC1 /showIncludes /FoCMakeFiles\cmTC_6b678.dir\CurlTests.c.obj /FdCMakeFiles\cmTC_6b678.dir\ /FS -c "C:\Users\User\Desktop\Bot Maker Items\Bot\PD-Chaotic\cpp\lib\sleepy-discord\deps\cpr\opt\curl\CMake\CurlTests.c"
C:\Users\User\Desktop\Bot Maker Items\Bot\PD-Chaotic\cpp\lib\sleepy-discord\deps\cpr\opt\curl\CMake\CurlTests.c(295): warning C4293: '<<': shift count negative or too big, undefined behavior
C:\Users\User\Desktop\Bot Maker Items\Bot\PD-Chaotic\cpp\lib\sleepy-discord\deps\cpr\opt\curl\CMake\CurlTests.c(296): warning C4293: '<<': shift count negative or too big, undefined behavior
C:\Users\User\Desktop\Bot Maker Items\Bot\PD-Chaotic\cpp\lib\sleepy-discord\deps\cpr\opt\curl\CMake\CurlTests.c(297): error C2118: negative subscript
ninja: build stopped: subcommand failed.


Performing Curl Test HAVE_GLIBC_STRERROR_R failed with the following output:
Change Dir: C:/Users/User/Desktop/Bot Maker Items/Bot/PD-Chaotic/cpp/out/build/x64-Debug (default)/CMakeFiles/CMakeTmp

Run Build Command(s):D:/VS tools/Common7/IDE/CommonExtensions/Microsoft/CMake/Ninja/ninja.exe cmTC_15eb8 && [1/2] Building C object CMakeFiles\cmTC_15eb8.dir\CurlTests.c.obj
C:\Users\User\Desktop\Bot Maker Items\Bot\PD-Chaotic\cpp\lib\sleepy-discord\deps\cpr\opt\curl\CMake\CurlTests.c(514): warning C4013: 'strerror_r' undefined; assuming extern returning int
C:\Users\User\Desktop\Bot Maker Items\Bot\PD-Chaotic\cpp\lib\sleepy-discord\deps\cpr\opt\curl\CMake\CurlTests.c(513): warning C4047: 'initializing': 'char *' differs in levels of indirection from 'int'
[2/2] Linking C executable cmTC_15eb8.exe
FAILED: cmTC_15eb8.exe 
cmd.exe /C "cd . && "D:\VS tools\Common7\IDE\CommonExtensions\Microsoft\CMake\CMake\bin\cmake.exe" -E vs_link_exe --intdir=CMakeFiles\cmTC_15eb8.dir --rc=C:\PROGRA~2\WI3CF2~1\10\bin\100183~1.0\x64\rc.exe --mt=C:\PROGRA~2\WI3CF2~1\10\bin\100183~1.0\x64\mt.exe --manifests  -- "D:\VS tools\VC\Tools\MSVC\14.26.28801\bin\Hostx64\x64\link.exe" /nologo CMakeFiles\cmTC_15eb8.dir\CurlTests.c.obj  /out:cmTC_15eb8.exe /implib:cmTC_15eb8.lib /pdb:cmTC_15eb8.pdb /version:0.0  /machine:x64  /debug /INCREMENTAL /subsystem:console  ws2_32.lib  kernel32.lib user32.lib gdi32.lib winspool.lib shell32.lib ole32.lib oleaut32.lib uuid.lib comdlg32.lib advapi32.lib && cd ."
LINK Pass 1: command "D:\VS tools\VC\Tools\MSVC\14.26.28801\bin\Hostx64\x64\link.exe /nologo CMakeFiles\cmTC_15eb8.dir\CurlTests.c.obj /out:cmTC_15eb8.exe /implib:cmTC_15eb8.lib /pdb:cmTC_15eb8.pdb /version:0.0 /machine:x64 /debug /INCREMENTAL /subsystem:console ws2_32.lib kernel32.lib user32.lib gdi32.lib winspool.lib shell32.lib ole32.lib oleaut32.lib uuid.lib comdlg32.lib advapi32.lib /MANIFEST /MANIFESTFILE:CMakeFiles\cmTC_15eb8.dir/intermediate.manifest CMakeFiles\cmTC_15eb8.dir/manifest.res" failed (exit code 1120) with the following output:
CurlTests.c.obj : error LNK2019: unresolved external symbol strerror_r referenced in function main
cmTC_15eb8.exe : fatal error LNK1120: 1 unresolved externals
ninja: build stopped: subcommand failed.



Performing Curl Test HAVE_POSIX_STRERROR_R failed with the following output:
Change Dir: C:/Users/User/Desktop/Bot Maker Items/Bot/PD-Chaotic/cpp/out/build/x64-Debug (default)/CMakeFiles/CMakeTmp

Run Build Command(s):D:/VS tools/Common7/IDE/CommonExtensions/Microsoft/CMake/Ninja/ninja.exe cmTC_d3843 && [1/2] Building C object CMakeFiles\cmTC_d3843.dir\CurlTests.c.obj
C:\Users\User\Desktop\Bot Maker Items\Bot\PD-Chaotic\cpp\lib\sleepy-discord\deps\cpr\opt\curl\CMake\CurlTests.c(528): warning C4013: 'strerror_r' undefined; assuming extern returning int
[2/2] Linking C executable cmTC_d3843.exe
FAILED: cmTC_d3843.exe 
cmd.exe /C "cd . && "D:\VS tools\Common7\IDE\CommonExtensions\Microsoft\CMake\CMake\bin\cmake.exe" -E vs_link_exe --intdir=CMakeFiles\cmTC_d3843.dir --rc=C:\PROGRA~2\WI3CF2~1\10\bin\100183~1.0\x64\rc.exe --mt=C:\PROGRA~2\WI3CF2~1\10\bin\100183~1.0\x64\mt.exe --manifests  -- "D:\VS tools\VC\Tools\MSVC\14.26.28801\bin\Hostx64\x64\link.exe" /nologo CMakeFiles\cmTC_d3843.dir\CurlTests.c.obj  /out:cmTC_d3843.exe /implib:cmTC_d3843.lib /pdb:cmTC_d3843.pdb /version:0.0  /machine:x64  /debug /INCREMENTAL /subsystem:console  ws2_32.lib  kernel32.lib user32.lib gdi32.lib winspool.lib shell32.lib ole32.lib oleaut32.lib uuid.lib comdlg32.lib advapi32.lib && cd ."
LINK Pass 1: command "D:\VS tools\VC\Tools\MSVC\14.26.28801\bin\Hostx64\x64\link.exe /nologo CMakeFiles\cmTC_d3843.dir\CurlTests.c.obj /out:cmTC_d3843.exe /implib:cmTC_d3843.lib /pdb:cmTC_d3843.pdb /version:0.0 /machine:x64 /debug /INCREMENTAL /subsystem:console ws2_32.lib kernel32.lib user32.lib gdi32.lib winspool.lib shell32.lib ole32.lib oleaut32.lib uuid.lib comdlg32.lib advapi32.lib /MANIFEST /MANIFESTFILE:CMakeFiles\cmTC_d3843.dir/intermediate.manifest CMakeFiles\cmTC_d3843.dir/manifest.res" failed (exit code 1120) with the following output:
CurlTests.c.obj : error LNK2019: unresolved external symbol strerror_r referenced in function main
cmTC_d3843.exe : fatal error LNK1120: 1 unresolved externals
ninja: build stopped: subcommand failed.



Performing C SOURCE FILE Test HAVE_MSG_NOSIGNAL failed with the following output:
Change Dir: C:/Users/User/Desktop/Bot Maker Items/Bot/PD-Chaotic/cpp/out/build/x64-Debug (default)/CMakeFiles/CMakeTmp

Run Build Command(s):D:/VS tools/Common7/IDE/CommonExtensions/Microsoft/CMake/Ninja/ninja.exe cmTC_c50d2 && [1/2] Building C object CMakeFiles\cmTC_c50d2.dir\src.c.obj
FAILED: CMakeFiles/cmTC_c50d2.dir/src.c.obj 
"D:\VS tools\VC\Tools\MSVC\14.26.28801\bin\HostX64\x64\cl.exe"  /nologo  -I"C:\Users\User\Desktop\Bot Maker Items\Bot\PD-Chaotic\cpp\lib\sleepy-discord\deps\cpr\opt\curl\include" /DWIN32 /D_WINDOWS /W3 -DHAVE_MSG_NOSIGNAL /MDd /Zi /Ob0 /Od /RTC1    -D_WINSOCKAPI_= -DSECURITY_WIN32 /showIncludes /FoCMakeFiles\cmTC_c50d2.dir\src.c.obj /FdCMakeFiles\cmTC_c50d2.dir\ /FS -c src.c
src.c(9): error C2065: 'MSG_NOSIGNAL': undeclared identifier
ninja: build stopped: subcommand failed.


Source file was:
#undef inline
#include <winsock2.h>
#include <windows.h>
#include <winsock.h>
#ifndef WIN32_LEAN_AND_MEAN
#define WIN32_LEAN_AND_MEAN
#endif
  int main(void) {
    int flag = MSG_NOSIGNAL;
    (void)flag;
    return 0;
  }
Performing C SOURCE FILE Test HAVE_POLL_FINE failed with the following compile output:
Change Dir: C:/Users/User/Desktop/Bot Maker Items/Bot/PD-Chaotic/cpp/out/build/x64-Debug (default)/CMakeFiles/CMakeTmp

Run Build Command(s):D:/VS tools/Common7/IDE/CommonExtensions/Microsoft/CMake/Ninja/ninja.exe cmTC_8ef30 && [1/2] Building C object CMakeFiles\cmTC_8ef30.dir\src.c.obj
src.c(6): warning C4013: 'poll' undefined; assuming extern returning int
[2/2] Linking C executable cmTC_8ef30.exe
FAILED: cmTC_8ef30.exe 
cmd.exe /C "cd . && "D:\VS tools\Common7\IDE\CommonExtensions\Microsoft\CMake\CMake\bin\cmake.exe" -E vs_link_exe --intdir=CMakeFiles\cmTC_8ef30.dir --rc=C:\PROGRA~2\WI3CF2~1\10\bin\100183~1.0\x64\rc.exe --mt=C:\PROGRA~2\WI3CF2~1\10\bin\100183~1.0\x64\mt.exe --manifests  -- "D:\VS tools\VC\Tools\MSVC\14.26.28801\bin\Hostx64\x64\link.exe" /nologo CMakeFiles\cmTC_8ef30.dir\src.c.obj  /out:cmTC_8ef30.exe /implib:cmTC_8ef30.lib /pdb:cmTC_8ef30.pdb /version:0.0  /machine:x64  /debug /INCREMENTAL /subsystem:console  ws2_32.lib  kernel32.lib user32.lib gdi32.lib winspool.lib shell32.lib ole32.lib oleaut32.lib uuid.lib comdlg32.lib advapi32.lib && cd ."
LINK Pass 1: command "D:\VS tools\VC\Tools\MSVC\14.26.28801\bin\Hostx64\x64\link.exe /nologo CMakeFiles\cmTC_8ef30.dir\src.c.obj /out:cmTC_8ef30.exe /implib:cmTC_8ef30.lib /pdb:cmTC_8ef30.pdb /version:0.0 /machine:x64 /debug /INCREMENTAL /subsystem:console ws2_32.lib kernel32.lib user32.lib gdi32.lib winspool.lib shell32.lib ole32.lib oleaut32.lib uuid.lib comdlg32.lib advapi32.lib /MANIFEST /MANIFESTFILE:CMakeFiles\cmTC_8ef30.dir/intermediate.manifest CMakeFiles\cmTC_8ef30.dir/manifest.res" failed (exit code 1120) with the following output:
src.c.obj : error LNK2019: unresolved external symbol poll referenced in function main
cmTC_8ef30.exe : fatal error LNK1120: 1 unresolved externals
ninja: build stopped: subcommand failed.


...and run output:

Return value: 1
Source file was:

    #ifdef HAVE_SYS_POLL_H
    #  include <sys/poll.h>
    #endif
    int main(void) {
      return poll((void *)0, 0, 10 /*ms*/);
    }
